{"C:\\Users\\gulsa\\federated-cancer-screening\\frontend\\pages\\_app.tsx": {"path":"C:\\Users\\gulsa\\federated-cancer-screening\\frontend\\pages\\_app.tsx","statementMap":{"0":{"start":{"line":9,"column":32},"end":{"line":9,"column":null}}},"fnMap":{"0":{"name":"MyApp","decl":{"start":{"line":8,"column":9},"end":{"line":8,"column":15}},"loc":{"start":{"line":8,"column":49},"end":{"line":25,"column":null}}}},"branchMap":{},"s":{"0":0},"f":{"0":0},"b":{}}
,"C:\\Users\\gulsa\\federated-cancer-screening\\frontend\\pages\\_document.tsx": {"path":"C:\\Users\\gulsa\\federated-cancer-screening\\frontend\\pages\\_document.tsx","statementMap":{},"fnMap":{"0":{"name":"Document","decl":{"start":{"line":3,"column":24},"end":{"line":3,"column":null}},"loc":{"start":{"line":3,"column":24},"end":{"line":13,"column":null}}}},"branchMap":{},"s":{},"f":{"0":0},"b":{}}
,"C:\\Users\\gulsa\\federated-cancer-screening\\frontend\\pages\\analysis.tsx": {"path":"C:\\Users\\gulsa\\federated-cancer-screening\\frontend\\pages\\analysis.tsx","statementMap":{"0":{"start":{"line":6,"column":21},"end":{"line":40,"column":null}}},"fnMap":{"0":{"name":"(anonymous_0)","decl":{"start":{"line":6,"column":21},"end":{"line":6,"column":null}},"loc":{"start":{"line":6,"column":21},"end":{"line":40,"column":null}}}},"branchMap":{},"s":{"0":0},"f":{"0":0},"b":{}}
,"C:\\Users\\gulsa\\federated-cancer-screening\\frontend\\pages\\cases.tsx": {"path":"C:\\Users\\gulsa\\federated-cancer-screening\\frontend\\pages\\cases.tsx","statementMap":{"0":{"start":{"line":6,"column":18},"end":{"line":17,"column":null}}},"fnMap":{"0":{"name":"(anonymous_0)","decl":{"start":{"line":6,"column":18},"end":{"line":6,"column":null}},"loc":{"start":{"line":6,"column":18},"end":{"line":17,"column":null}}}},"branchMap":{},"s":{"0":0},"f":{"0":0},"b":{}}
,"C:\\Users\\gulsa\\federated-cancer-screening\\frontend\\pages\\dashboard.tsx": {"path":"C:\\Users\\gulsa\\federated-cancer-screening\\frontend\\pages\\dashboard.tsx","statementMap":{"0":{"start":{"line":10,"column":16},"end":{"line":13,"column":null}},"1":{"start":{"line":10,"column":30},"end":{"line":10,"column":62}},"2":{"start":{"line":15,"column":22},"end":{"line":173,"column":null}},"3":{"start":{"line":16,"column":44},"end":{"line":16,"column":null}},"4":{"start":{"line":17,"column":46},"end":{"line":17,"column":null}},"5":{"start":{"line":19,"column":2},"end":{"line":30,"column":null}},"6":{"start":{"line":20,"column":31},"end":{"line":28,"column":null}},"7":{"start":{"line":21,"column":6},"end":{"line":27,"column":null}},"8":{"start":{"line":22,"column":46},"end":{"line":22,"column":null}},"9":{"start":{"line":23,"column":45},"end":{"line":23,"column":null}},"10":{"start":{"line":24,"column":8},"end":{"line":24,"column":null}},"11":{"start":{"line":26,"column":8},"end":{"line":26,"column":null}},"12":{"start":{"line":29,"column":4},"end":{"line":29,"column":null}},"13":{"start":{"line":36,"column":20},"end":{"line":52,"column":null}},"14":{"start":{"line":37,"column":60},"end":{"line":37,"column":90}},"15":{"start":{"line":41,"column":62},"end":{"line":41,"column":81}},"16":{"start":{"line":47,"column":62},"end":{"line":47,"column":77}},"17":{"start":{"line":54,"column":23},"end":{"line":65,"column":null}},"18":{"start":{"line":67,"column":23},"end":{"line":76,"column":null}},"19":{"start":{"line":103,"column":16},"end":{"line":103,"column":38}},"20":{"start":{"line":162,"column":16},"end":{"line":162,"column":36}}},"fnMap":{"0":{"name":"(anonymous_0)","decl":{"start":{"line":10,"column":24},"end":{"line":10,"column":30}},"loc":{"start":{"line":10,"column":30},"end":{"line":10,"column":62}}},"1":{"name":"(anonymous_2)","decl":{"start":{"line":15,"column":22},"end":{"line":15,"column":null}},"loc":{"start":{"line":15,"column":22},"end":{"line":173,"column":null}}},"2":{"name":"(anonymous_3)","decl":{"start":{"line":19,"column":12},"end":{"line":19,"column":null}},"loc":{"start":{"line":19,"column":12},"end":{"line":30,"column":5}}},"3":{"name":"(anonymous_4)","decl":{"start":{"line":20,"column":31},"end":{"line":20,"column":null}},"loc":{"start":{"line":20,"column":31},"end":{"line":28,"column":null}}},"4":{"name":"(anonymous_5)","decl":{"start":{"line":37,"column":43},"end":{"line":37,"column":44}},"loc":{"start":{"line":37,"column":60},"end":{"line":37,"column":90}}},"5":{"name":"(anonymous_6)","decl":{"start":{"line":41,"column":45},"end":{"line":41,"column":46}},"loc":{"start":{"line":41,"column":62},"end":{"line":41,"column":81}}},"6":{"name":"(anonymous_7)","decl":{"start":{"line":47,"column":45},"end":{"line":47,"column":46}},"loc":{"start":{"line":47,"column":62},"end":{"line":47,"column":77}}},"7":{"name":"(anonymous_8)","decl":{"start":{"line":102,"column":55},"end":{"line":102,"column":56}},"loc":{"start":{"line":103,"column":16},"end":{"line":103,"column":38}}},"8":{"name":"(anonymous_9)","decl":{"start":{"line":161,"column":48},"end":{"line":161,"column":49}},"loc":{"start":{"line":162,"column":16},"end":{"line":162,"column":36}}}},"branchMap":{"0":{"loc":{"start":{"line":37,"column":12},"end":{"line":37,"column":97}},"type":"binary-expr","locations":[{"start":{"line":37,"column":12},"end":{"line":37,"column":95}},{"start":{"line":37,"column":95},"end":{"line":37,"column":97}}]},"1":{"loc":{"start":{"line":41,"column":14},"end":{"line":41,"column":88}},"type":"binary-expr","locations":[{"start":{"line":41,"column":14},"end":{"line":41,"column":86}},{"start":{"line":41,"column":86},"end":{"line":41,"column":88}}]},"2":{"loc":{"start":{"line":47,"column":14},"end":{"line":47,"column":84}},"type":"binary-expr","locations":[{"start":{"line":47,"column":14},"end":{"line":47,"column":82}},{"start":{"line":47,"column":82},"end":{"line":47,"column":84}}]},"3":{"loc":{"start":{"line":99,"column":12},"end":{"line":101,"column":13}},"type":"cond-expr","locations":[{"start":{"line":99,"column":12},"end":{"line":101,"column":13}}]},"4":{"loc":{"start":{"line":123,"column":12},"end":{"line":125,"column":13}},"type":"cond-expr","locations":[{"start":{"line":123,"column":12},"end":{"line":125,"column":13}}]},"5":{"loc":{"start":{"line":139,"column":12},"end":{"line":141,"column":13}},"type":"cond-expr","locations":[{"start":{"line":139,"column":12},"end":{"line":141,"column":13}}]},"6":{"loc":{"start":{"line":158,"column":12},"end":{"line":160,"column":13}},"type":"cond-expr","locations":[{"start":{"line":158,"column":12},"end":{"line":160,"column":13}}]}},"s":{"0":0,"1":0,"2":0,"3":0,"4":0,"5":0,"6":0,"7":0,"8":0,"9":0,"10":0,"11":0,"12":0,"13":0,"14":0,"15":0,"16":0,"17":0,"18":0,"19":0,"20":0},"f":{"0":0,"1":0,"2":0,"3":0,"4":0,"5":0,"6":0,"7":0,"8":0},"b":{"0":[0,0],"1":[0,0],"2":[0,0],"3":[0],"4":[0],"5":[0],"6":[0]}}
,"C:\\Users\\gulsa\\federated-cancer-screening\\frontend\\pages\\fl-dashboard.tsx": {"path":"C:\\Users\\gulsa\\federated-cancer-screening\\frontend\\pages\\fl-dashboard.tsx","statementMap":{"0":{"start":{"line":15,"column":16},"end":{"line":18,"column":null}},"1":{"start":{"line":15,"column":30},"end":{"line":15,"column":62}},"2":{"start":{"line":42,"column":32},"end":{"line":42,"column":null}},"3":{"start":{"line":43,"column":32},"end":{"line":43,"column":null}},"4":{"start":{"line":44,"column":28},"end":{"line":44,"column":null}},"5":{"start":{"line":45,"column":56},"end":{"line":45,"column":null}},"6":{"start":{"line":46,"column":52},"end":{"line":46,"column":null}},"7":{"start":{"line":47,"column":56},"end":{"line":47,"column":null}},"8":{"start":{"line":55,"column":23},"end":{"line":67,"column":null}},"9":{"start":{"line":56,"column":4},"end":{"line":66,"column":null}},"10":{"start":{"line":57,"column":6},"end":{"line":57,"column":null}},"11":{"start":{"line":58,"column":44},"end":{"line":58,"column":null}},"12":{"start":{"line":59,"column":55},"end":{"line":59,"column":null}},"13":{"start":{"line":60,"column":6},"end":{"line":60,"column":null}},"14":{"start":{"line":62,"column":6},"end":{"line":62,"column":null}},"15":{"start":{"line":63,"column":6},"end":{"line":63,"column":null}},"16":{"start":{"line":65,"column":6},"end":{"line":65,"column":null}},"17":{"start":{"line":72,"column":2},"end":{"line":74,"column":null}},"18":{"start":{"line":73,"column":4},"end":{"line":73,"column":null}},"19":{"start":{"line":82,"column":29},"end":{"line":98,"column":null}},"20":{"start":{"line":83,"column":4},"end":{"line":83,"column":null}},"21":{"start":{"line":84,"column":4},"end":{"line":84,"column":null}},"22":{"start":{"line":85,"column":4},"end":{"line":85,"column":null}},"23":{"start":{"line":86,"column":4},"end":{"line":97,"column":null}},"24":{"start":{"line":87,"column":44},"end":{"line":87,"column":null}},"25":{"start":{"line":88,"column":43},"end":{"line":88,"column":null}},"26":{"start":{"line":89,"column":6},"end":{"line":89,"column":null}},"27":{"start":{"line":91,"column":6},"end":{"line":91,"column":null}},"28":{"start":{"line":93,"column":6},"end":{"line":93,"column":null}},"29":{"start":{"line":94,"column":6},"end":{"line":94,"column":null}},"30":{"start":{"line":96,"column":6},"end":{"line":96,"column":null}},"31":{"start":{"line":101,"column":2},"end":{"line":107,"column":null}},"32":{"start":{"line":110,"column":2},"end":{"line":116,"column":null}},"33":{"start":{"line":119,"column":20},"end":{"line":146,"column":null}},"34":{"start":{"line":120,"column":29},"end":{"line":120,"column":54}},"35":{"start":{"line":124,"column":31},"end":{"line":124,"column":45}},"36":{"start":{"line":131,"column":31},"end":{"line":131,"column":41}},"37":{"start":{"line":139,"column":31},"end":{"line":139,"column":44}},"38":{"start":{"line":149,"column":23},"end":{"line":197,"column":null}}},"fnMap":{"0":{"name":"(anonymous_0)","decl":{"start":{"line":15,"column":24},"end":{"line":15,"column":30}},"loc":{"start":{"line":15,"column":30},"end":{"line":15,"column":62}}},"1":{"name":"FLDashboardPage","decl":{"start":{"line":41,"column":24},"end":{"line":41,"column":null}},"loc":{"start":{"line":41,"column":24},"end":{"line":228,"column":null}}},"2":{"name":"(anonymous_3)","decl":{"start":{"line":55,"column":23},"end":{"line":55,"column":null}},"loc":{"start":{"line":55,"column":23},"end":{"line":67,"column":null}}},"3":{"name":"(anonymous_4)","decl":{"start":{"line":72,"column":12},"end":{"line":72,"column":null}},"loc":{"start":{"line":72,"column":12},"end":{"line":74,"column":5}}},"4":{"name":"(anonymous_5)","decl":{"start":{"line":82,"column":29},"end":{"line":82,"column":null}},"loc":{"start":{"line":82,"column":29},"end":{"line":98,"column":null}}},"5":{"name":"(anonymous_6)","decl":{"start":{"line":120,"column":24},"end":{"line":120,"column":29}},"loc":{"start":{"line":120,"column":29},"end":{"line":120,"column":54}}},"6":{"name":"(anonymous_7)","decl":{"start":{"line":124,"column":26},"end":{"line":124,"column":31}},"loc":{"start":{"line":124,"column":31},"end":{"line":124,"column":45}}},"7":{"name":"(anonymous_8)","decl":{"start":{"line":131,"column":26},"end":{"line":131,"column":31}},"loc":{"start":{"line":131,"column":31},"end":{"line":131,"column":41}}},"8":{"name":"(anonymous_9)","decl":{"start":{"line":139,"column":26},"end":{"line":139,"column":31}},"loc":{"start":{"line":139,"column":31},"end":{"line":139,"column":44}}}},"branchMap":{"0":{"loc":{"start":{"line":101,"column":2},"end":{"line":107,"column":null}},"type":"if","locations":[{"start":{"line":101,"column":2},"end":{"line":107,"column":null}},{"start":{},"end":{}}]},"1":{"loc":{"start":{"line":110,"column":2},"end":{"line":116,"column":null}},"type":"if","locations":[{"start":{"line":110,"column":2},"end":{"line":116,"column":null}},{"start":{},"end":{}}]},"2":{"loc":{"start":{"line":211,"column":13},"end":{"line":211,"column":null}},"type":"cond-expr","locations":[{"start":{"line":211,"column":35},"end":{"line":211,"column":57}},{"start":{"line":211,"column":57},"end":{"line":211,"column":null}}]},"3":{"loc":{"start":{"line":213,"column":11},"end":{"line":213,"column":32}},"type":"binary-expr","locations":[{"start":{"line":213,"column":11},"end":{"line":213,"column":32}}]},"4":{"loc":{"start":{"line":214,"column":11},"end":{"line":214,"column":34}},"type":"binary-expr","locations":[{"start":{"line":214,"column":11},"end":{"line":214,"column":34}}]},"5":{"loc":{"start":{"line":219,"column":10},"end":{"line":221,"column":11}},"type":"cond-expr","locations":[{"start":{"line":219,"column":10},"end":{"line":221,"column":11}}]}},"s":{"0":0,"1":0,"2":0,"3":0,"4":0,"5":0,"6":0,"7":0,"8":0,"9":0,"10":0,"11":0,"12":0,"13":0,"14":0,"15":0,"16":0,"17":0,"18":0,"19":0,"20":0,"21":0,"22":0,"23":0,"24":0,"25":0,"26":0,"27":0,"28":0,"29":0,"30":0,"31":0,"32":0,"33":0,"34":0,"35":0,"36":0,"37":0,"38":0},"f":{"0":0,"1":0,"2":0,"3":0,"4":0,"5":0,"6":0,"7":0,"8":0},"b":{"0":[0,0],"1":[0,0],"2":[0,0],"3":[0],"4":[0],"5":[0]}}
,"C:\\Users\\gulsa\\federated-cancer-screening\\frontend\\pages\\forgot-password.tsx": {"path":"C:\\Users\\gulsa\\federated-cancer-screening\\frontend\\pages\\forgot-password.tsx","statementMap":{},"fnMap":{"0":{"name":"ForgotPasswordPage","decl":{"start":{"line":6,"column":24},"end":{"line":6,"column":null}},"loc":{"start":{"line":6,"column":24},"end":{"line":18,"column":null}}}},"branchMap":{},"s":{},"f":{"0":0},"b":{}}
,"C:\\Users\\gulsa\\federated-cancer-screening\\frontend\\pages\\index.tsx": {"path":"C:\\Users\\gulsa\\federated-cancer-screening\\frontend\\pages\\index.tsx","statementMap":{"0":{"start":{"line":13,"column":18},"end":{"line":13,"column":null}},"1":{"start":{"line":13,"column":32},"end":{"line":13,"column":71}}},"fnMap":{"0":{"name":"(anonymous_0)","decl":{"start":{"line":13,"column":26},"end":{"line":13,"column":32}},"loc":{"start":{"line":13,"column":32},"end":{"line":13,"column":71}}},"1":{"name":"Home","decl":{"start":{"line":25,"column":24},"end":{"line":25,"column":null}},"loc":{"start":{"line":25,"column":24},"end":{"line":59,"column":null}}}},"branchMap":{},"s":{"0":0,"1":0},"f":{"0":0,"1":0},"b":{}}
,"C:\\Users\\gulsa\\federated-cancer-screening\\frontend\\pages\\login.tsx": {"path":"C:\\Users\\gulsa\\federated-cancer-screening\\frontend\\pages\\login.tsx","statementMap":{"0":{"start":{"line":12,"column":28},"end":{"line":12,"column":null}},"1":{"start":{"line":13,"column":34},"end":{"line":13,"column":null}},"2":{"start":{"line":14,"column":32},"end":{"line":14,"column":null}},"3":{"start":{"line":15,"column":28},"end":{"line":15,"column":null}},"4":{"start":{"line":16,"column":17},"end":{"line":16,"column":null}},"5":{"start":{"line":18,"column":22},"end":{"line":37,"column":null}},"6":{"start":{"line":19,"column":4},"end":{"line":19,"column":null}},"7":{"start":{"line":20,"column":4},"end":{"line":20,"column":null}},"8":{"start":{"line":21,"column":4},"end":{"line":21,"column":null}},"9":{"start":{"line":23,"column":4},"end":{"line":36,"column":null}},"10":{"start":{"line":24,"column":44},"end":{"line":24,"column":null}},"11":{"start":{"line":25,"column":43},"end":{"line":28,"column":null}},"12":{"start":{"line":29,"column":6},"end":{"line":29,"column":null}},"13":{"start":{"line":30,"column":6},"end":{"line":30,"column":null}},"14":{"start":{"line":32,"column":6},"end":{"line":32,"column":null}},"15":{"start":{"line":33,"column":6},"end":{"line":33,"column":null}},"16":{"start":{"line":35,"column":6},"end":{"line":35,"column":null}},"17":{"start":{"line":63,"column":33},"end":{"line":63,"column":null}},"18":{"start":{"line":73,"column":33},"end":{"line":73,"column":null}}},"fnMap":{"0":{"name":"LoginPage","decl":{"start":{"line":11,"column":24},"end":{"line":11,"column":null}},"loc":{"start":{"line":11,"column":24},"end":{"line":104,"column":null}}},"1":{"name":"(anonymous_1)","decl":{"start":{"line":18,"column":22},"end":{"line":18,"column":29}},"loc":{"start":{"line":18,"column":29},"end":{"line":37,"column":null}}},"2":{"name":"(anonymous_2)","decl":{"start":{"line":63,"column":26},"end":{"line":63,"column":27}},"loc":{"start":{"line":63,"column":33},"end":{"line":63,"column":null}}},"3":{"name":"(anonymous_3)","decl":{"start":{"line":73,"column":26},"end":{"line":73,"column":27}},"loc":{"start":{"line":73,"column":33},"end":{"line":73,"column":null}}}},"branchMap":{"0":{"loc":{"start":{"line":45,"column":13},"end":{"line":55,"column":null}},"type":"cond-expr","locations":[{"start":{"line":46,"column":14},"end":{"line":47,"column":null}},{"start":{"line":55,"column":16},"end":{"line":55,"column":null}}]},"1":{"loc":{"start":{"line":82,"column":15},"end":{"line":82,"column":24}},"type":"binary-expr","locations":[{"start":{"line":82,"column":15},"end":{"line":82,"column":24}}]},"2":{"loc":{"start":{"line":90,"column":17},"end":{"line":90,"column":null}},"type":"cond-expr","locations":[{"start":{"line":90,"column":27},"end":{"line":90,"column":45}},{"start":{"line":90,"column":45},"end":{"line":90,"column":null}}]}},"s":{"0":0,"1":0,"2":0,"3":0,"4":0,"5":0,"6":0,"7":0,"8":0,"9":0,"10":0,"11":0,"12":0,"13":0,"14":0,"15":0,"16":0,"17":0,"18":0},"f":{"0":0,"1":0,"2":0,"3":0},"b":{"0":[0,0],"1":[0],"2":[0,0]}}
,"C:\\Users\\gulsa\\federated-cancer-screening\\frontend\\pages\\mlflow.tsx": {"path":"C:\\Users\\gulsa\\federated-cancer-screening\\frontend\\pages\\mlflow.tsx","statementMap":{"0":{"start":{"line":16,"column":19},"end":{"line":73,"column":null}},"1":{"start":{"line":17,"column":26},"end":{"line":17,"column":null}},"2":{"start":{"line":18,"column":28},"end":{"line":18,"column":null}},"3":{"start":{"line":20,"column":2},"end":{"line":34,"column":null}},"4":{"start":{"line":21,"column":22},"end":{"line":31,"column":null}},"5":{"start":{"line":22,"column":6},"end":{"line":30,"column":null}},"6":{"start":{"line":23,"column":25},"end":{"line":25,"column":null}},"7":{"start":{"line":26,"column":8},"end":{"line":26,"column":null}},"8":{"start":{"line":28,"column":8},"end":{"line":28,"column":null}},"9":{"start":{"line":29,"column":8},"end":{"line":29,"column":null}},"10":{"start":{"line":33,"column":4},"end":{"line":33,"column":null}},"11":{"start":{"line":36,"column":2},"end":{"line":38,"column":null}},"12":{"start":{"line":56,"column":14},"end":{"line":56,"column":37}}},"fnMap":{"0":{"name":"(anonymous_0)","decl":{"start":{"line":16,"column":19},"end":{"line":16,"column":null}},"loc":{"start":{"line":16,"column":19},"end":{"line":73,"column":null}}},"1":{"name":"(anonymous_1)","decl":{"start":{"line":20,"column":12},"end":{"line":20,"column":null}},"loc":{"start":{"line":20,"column":12},"end":{"line":34,"column":5}}},"2":{"name":"(anonymous_2)","decl":{"start":{"line":21,"column":22},"end":{"line":21,"column":null}},"loc":{"start":{"line":21,"column":22},"end":{"line":31,"column":null}}},"3":{"name":"(anonymous_3)","decl":{"start":{"line":55,"column":22},"end":{"line":55,"column":23}},"loc":{"start":{"line":56,"column":14},"end":{"line":56,"column":37}}}},"branchMap":{"0":{"loc":{"start":{"line":36,"column":2},"end":{"line":38,"column":null}},"type":"if","locations":[{"start":{"line":36,"column":2},"end":{"line":38,"column":null}},{"start":{},"end":{}}]}},"s":{"0":0,"1":0,"2":0,"3":0,"4":0,"5":0,"6":0,"7":0,"8":0,"9":0,"10":0,"11":0,"12":0},"f":{"0":0,"1":0,"2":0,"3":0},"b":{"0":[0,0]}}
,"C:\\Users\\gulsa\\federated-cancer-screening\\frontend\\pages\\model-versions.tsx": {"path":"C:\\Users\\gulsa\\federated-cancer-screening\\frontend\\pages\\model-versions.tsx","statementMap":{"0":{"start":{"line":38,"column":44},"end":{"line":38,"column":null}},"1":{"start":{"line":39,"column":32},"end":{"line":39,"column":null}},"2":{"start":{"line":40,"column":28},"end":{"line":40,"column":null}},"3":{"start":{"line":48,"column":2},"end":{"line":64,"column":null}},"4":{"start":{"line":49,"column":31},"end":{"line":61,"column":null}},"5":{"start":{"line":50,"column":6},"end":{"line":60,"column":null}},"6":{"start":{"line":51,"column":8},"end":{"line":51,"column":null}},"7":{"start":{"line":52,"column":46},"end":{"line":52,"column":null}},"8":{"start":{"line":53,"column":56},"end":{"line":53,"column":null}},"9":{"start":{"line":54,"column":8},"end":{"line":54,"column":null}},"10":{"start":{"line":56,"column":8},"end":{"line":56,"column":null}},"11":{"start":{"line":57,"column":8},"end":{"line":57,"column":null}},"12":{"start":{"line":59,"column":8},"end":{"line":59,"column":null}},"13":{"start":{"line":63,"column":4},"end":{"line":63,"column":null}},"14":{"start":{"line":67,"column":2},"end":{"line":73,"column":null}},"15":{"start":{"line":76,"column":2},"end":{"line":82,"column":null}},"16":{"start":{"line":85,"column":2},"end":{"line":91,"column":null}},"17":{"start":{"line":112,"column":16},"end":{"line":112,"column":null}}},"fnMap":{"0":{"name":"ModelVersionsPage","decl":{"start":{"line":37,"column":24},"end":{"line":37,"column":null}},"loc":{"start":{"line":37,"column":24},"end":{"line":131,"column":null}}},"1":{"name":"(anonymous_1)","decl":{"start":{"line":48,"column":12},"end":{"line":48,"column":null}},"loc":{"start":{"line":48,"column":12},"end":{"line":64,"column":5}}},"2":{"name":"(anonymous_2)","decl":{"start":{"line":49,"column":31},"end":{"line":49,"column":null}},"loc":{"start":{"line":49,"column":31},"end":{"line":61,"column":null}}},"3":{"name":"(anonymous_3)","decl":{"start":{"line":111,"column":33},"end":{"line":111,"column":34}},"loc":{"start":{"line":112,"column":16},"end":{"line":112,"column":null}}}},"branchMap":{"0":{"loc":{"start":{"line":67,"column":2},"end":{"line":73,"column":null}},"type":"if","locations":[{"start":{"line":67,"column":2},"end":{"line":73,"column":null}},{"start":{},"end":{}}]},"1":{"loc":{"start":{"line":76,"column":2},"end":{"line":82,"column":null}},"type":"if","locations":[{"start":{"line":76,"column":2},"end":{"line":82,"column":null}},{"start":{},"end":{}}]},"2":{"loc":{"start":{"line":85,"column":2},"end":{"line":91,"column":null}},"type":"if","locations":[{"start":{"line":85,"column":2},"end":{"line":91,"column":null}},{"start":{},"end":{}}]}},"s":{"0":0,"1":0,"2":0,"3":0,"4":0,"5":0,"6":0,"7":0,"8":0,"9":0,"10":0,"11":0,"12":0,"13":0,"14":0,"15":0,"16":0,"17":0},"f":{"0":0,"1":0,"2":0,"3":0},"b":{"0":[0,0],"1":[0,0],"2":[0,0]}}
,"C:\\Users\\gulsa\\federated-cancer-screening\\frontend\\pages\\patient-portal.tsx": {"path":"C:\\Users\\gulsa\\federated-cancer-screening\\frontend\\pages\\patient-portal.tsx","statementMap":{"0":{"start":{"line":7,"column":26},"end":{"line":100,"column":null}}},"fnMap":{"0":{"name":"(anonymous_0)","decl":{"start":{"line":7,"column":26},"end":{"line":7,"column":null}},"loc":{"start":{"line":7,"column":26},"end":{"line":100,"column":null}}}},"branchMap":{},"s":{"0":0},"f":{"0":0},"b":{}}
,"C:\\Users\\gulsa\\federated-cancer-screening\\frontend\\pages\\cases\\[case_id].tsx": {"path":"C:\\Users\\gulsa\\federated-cancer-screening\\frontend\\pages\\cases\\[case_id].tsx","statementMap":{"0":{"start":{"line":8,"column":23},"end":{"line":60,"column":null}},"1":{"start":{"line":9,"column":17},"end":{"line":9,"column":null}},"2":{"start":{"line":10,"column":22},"end":{"line":10,"column":34}},"3":{"start":{"line":12,"column":34},"end":{"line":12,"column":null}},"4":{"start":{"line":13,"column":36},"end":{"line":13,"column":null}},"5":{"start":{"line":15,"column":2},"end":{"line":28,"column":null}},"6":{"start":{"line":16,"column":4},"end":{"line":27,"column":null}},"7":{"start":{"line":17,"column":28},"end":{"line":25,"column":null}},"8":{"start":{"line":18,"column":8},"end":{"line":24,"column":null}},"9":{"start":{"line":19,"column":48},"end":{"line":19,"column":null}},"10":{"start":{"line":20,"column":47},"end":{"line":20,"column":null}},"11":{"start":{"line":21,"column":10},"end":{"line":21,"column":null}},"12":{"start":{"line":23,"column":10},"end":{"line":23,"column":null}},"13":{"start":{"line":26,"column":6},"end":{"line":26,"column":null}},"14":{"start":{"line":49,"column":12},"end":{"line":49,"column":32}}},"fnMap":{"0":{"name":"(anonymous_0)","decl":{"start":{"line":8,"column":23},"end":{"line":8,"column":null}},"loc":{"start":{"line":8,"column":23},"end":{"line":60,"column":null}}},"1":{"name":"(anonymous_1)","decl":{"start":{"line":15,"column":12},"end":{"line":15,"column":null}},"loc":{"start":{"line":15,"column":12},"end":{"line":28,"column":5}}},"2":{"name":"(anonymous_2)","decl":{"start":{"line":17,"column":28},"end":{"line":17,"column":null}},"loc":{"start":{"line":17,"column":28},"end":{"line":25,"column":null}}},"3":{"name":"(anonymous_3)","decl":{"start":{"line":48,"column":30},"end":{"line":48,"column":31}},"loc":{"start":{"line":49,"column":12},"end":{"line":49,"column":32}}}},"branchMap":{"0":{"loc":{"start":{"line":16,"column":4},"end":{"line":27,"column":null}},"type":"if","locations":[{"start":{"line":16,"column":4},"end":{"line":27,"column":null}},{"start":{},"end":{}}]},"1":{"loc":{"start":{"line":48,"column":10},"end":{"line":49,"column":32}},"type":"cond-expr","locations":[{"start":{"line":48,"column":10},"end":{"line":49,"column":32}}]},"2":{"loc":{"start":{"line":47,"column":9},"end":{"line":47,"column":null}},"type":"binary-expr","locations":[{"start":{"line":47,"column":9},"end":{"line":47,"column":24}},{"start":{"line":47,"column":28},"end":{"line":47,"column":null}}]}},"s":{"0":0,"1":0,"2":0,"3":0,"4":0,"5":0,"6":0,"7":0,"8":0,"9":0,"10":0,"11":0,"12":0,"13":0,"14":0},"f":{"0":0,"1":0,"2":0,"3":0},"b":{"0":[0,0],"1":[0],"2":[0,0]}}
,"C:\\Users\\gulsa\\federated-cancer-screening\\frontend\\pages\\cases\\create.tsx": {"path":"C:\\Users\\gulsa\\federated-cancer-screening\\frontend\\pages\\cases\\create.tsx","statementMap":{"0":{"start":{"line":25,"column":36},"end":{"line":25,"column":null}},"1":{"start":{"line":26,"column":34},"end":{"line":26,"column":null}},"2":{"start":{"line":27,"column":30},"end":{"line":27,"column":58}},"3":{"start":{"line":28,"column":32},"end":{"line":28,"column":null}},"4":{"start":{"line":29,"column":28},"end":{"line":29,"column":null}},"5":{"start":{"line":30,"column":17},"end":{"line":30,"column":null}},"6":{"start":{"line":41,"column":23},"end":{"line":61,"column":null}},"7":{"start":{"line":42,"column":4},"end":{"line":42,"column":null}},"8":{"start":{"line":43,"column":4},"end":{"line":43,"column":null}},"9":{"start":{"line":44,"column":4},"end":{"line":44,"column":null}},"10":{"start":{"line":46,"column":4},"end":{"line":60,"column":null}},"11":{"start":{"line":47,"column":44},"end":{"line":47,"column":null}},"12":{"start":{"line":48,"column":43},"end":{"line":52,"column":null}},"13":{"start":{"line":53,"column":6},"end":{"line":53,"column":null}},"14":{"start":{"line":54,"column":6},"end":{"line":54,"column":29}},"15":{"start":{"line":56,"column":6},"end":{"line":56,"column":null}},"16":{"start":{"line":57,"column":6},"end":{"line":57,"column":null}},"17":{"start":{"line":59,"column":6},"end":{"line":59,"column":null}},"18":{"start":{"line":77,"column":31},"end":{"line":77,"column":null}},"19":{"start":{"line":90,"column":31},"end":{"line":90,"column":null}},"20":{"start":{"line":102,"column":31},"end":{"line":102,"column":null}}},"fnMap":{"0":{"name":"CreateCasePage","decl":{"start":{"line":24,"column":24},"end":{"line":24,"column":null}},"loc":{"start":{"line":24,"column":24},"end":{"line":125,"column":null}}},"1":{"name":"(anonymous_1)","decl":{"start":{"line":41,"column":23},"end":{"line":41,"column":30}},"loc":{"start":{"line":41,"column":30},"end":{"line":61,"column":null}}},"2":{"name":"(anonymous_2)","decl":{"start":{"line":77,"column":24},"end":{"line":77,"column":25}},"loc":{"start":{"line":77,"column":31},"end":{"line":77,"column":null}}},"3":{"name":"(anonymous_3)","decl":{"start":{"line":90,"column":24},"end":{"line":90,"column":25}},"loc":{"start":{"line":90,"column":31},"end":{"line":90,"column":null}}},"4":{"name":"(anonymous_4)","decl":{"start":{"line":102,"column":24},"end":{"line":102,"column":25}},"loc":{"start":{"line":102,"column":31},"end":{"line":102,"column":null}}}},"branchMap":{"0":{"loc":{"start":{"line":111,"column":11},"end":{"line":111,"column":20}},"type":"binary-expr","locations":[{"start":{"line":111,"column":11},"end":{"line":111,"column":20}}]},"1":{"loc":{"start":{"line":119,"column":13},"end":{"line":119,"column":null}},"type":"cond-expr","locations":[{"start":{"line":119,"column":23},"end":{"line":119,"column":39}},{"start":{"line":119,"column":39},"end":{"line":119,"column":null}}]}},"s":{"0":0,"1":0,"2":0,"3":0,"4":0,"5":0,"6":0,"7":0,"8":0,"9":0,"10":0,"11":0,"12":0,"13":0,"14":0,"15":0,"16":0,"17":0,"18":0,"19":0,"20":0},"f":{"0":0,"1":0,"2":0,"3":0,"4":0},"b":{"0":[0],"1":[0,0]}}
,"C:\\Users\\gulsa\\federated-cancer-screening\\frontend\\pages\\cases\\[case_id]\\[id].tsx": {"path":"C:\\Users\\gulsa\\federated-cancer-screening\\frontend\\pages\\cases\\[case_id]\\[id].tsx","statementMap":{"0":{"start":{"line":7,"column":17},"end":{"line":7,"column":null}},"1":{"start":{"line":8,"column":17},"end":{"line":8,"column":29}},"2":{"start":{"line":10,"column":38},"end":{"line":10,"column":null}},"3":{"start":{"line":11,"column":36},"end":{"line":11,"column":null}},"4":{"start":{"line":12,"column":38},"end":{"line":12,"column":null}},"5":{"start":{"line":13,"column":40},"end":{"line":13,"column":null}},"6":{"start":{"line":15,"column":2},"end":{"line":32,"column":null}},"7":{"start":{"line":16,"column":4},"end":{"line":31,"column":null}},"8":{"start":{"line":17,"column":31},"end":{"line":29,"column":null}},"9":{"start":{"line":18,"column":8},"end":{"line":28,"column":null}},"10":{"start":{"line":19,"column":48},"end":{"line":19,"column":null}},"11":{"start":{"line":20,"column":51},"end":{"line":20,"column":null}},"12":{"start":{"line":21,"column":10},"end":{"line":21,"column":null}},"13":{"start":{"line":23,"column":53},"end":{"line":23,"column":null}},"14":{"start":{"line":24,"column":10},"end":{"line":24,"column":null}},"15":{"start":{"line":26,"column":10},"end":{"line":26,"column":null}},"16":{"start":{"line":27,"column":10},"end":{"line":27,"column":null}},"17":{"start":{"line":30,"column":6},"end":{"line":30,"column":null}},"18":{"start":{"line":37,"column":27},"end":{"line":37,"column":null}}},"fnMap":{"0":{"name":"CaseDetailPage","decl":{"start":{"line":6,"column":24},"end":{"line":6,"column":null}},"loc":{"start":{"line":6,"column":24},"end":{"line":84,"column":null}}},"1":{"name":"(anonymous_1)","decl":{"start":{"line":15,"column":12},"end":{"line":15,"column":null}},"loc":{"start":{"line":15,"column":12},"end":{"line":32,"column":5}}},"2":{"name":"(anonymous_2)","decl":{"start":{"line":17,"column":31},"end":{"line":17,"column":null}},"loc":{"start":{"line":17,"column":31},"end":{"line":29,"column":null}}}},"branchMap":{"0":{"loc":{"start":{"line":16,"column":4},"end":{"line":31,"column":null}},"type":"if","locations":[{"start":{"line":16,"column":4},"end":{"line":31,"column":null}},{"start":{},"end":{}}]},"1":{"loc":{"start":{"line":34,"column":6},"end":{"line":34,"column":32}},"type":"binary-expr","locations":[{"start":{"line":34,"column":6},"end":{"line":34,"column":19}},{"start":{"line":34,"column":19},"end":{"line":34,"column":32}}]},"2":{"loc":{"start":{"line":35,"column":6},"end":{"line":35,"column":34}},"type":"binary-expr","locations":[{"start":{"line":35,"column":6},"end":{"line":35,"column":21}},{"start":{"line":35,"column":21},"end":{"line":35,"column":34}}]},"3":{"loc":{"start":{"line":37,"column":27},"end":{"line":37,"column":null}},"type":"cond-expr","locations":[{"start":{"line":37,"column":65},"end":{"line":37,"column":97}},{"start":{"line":37,"column":100},"end":{"line":37,"column":null}}]},"4":{"loc":{"start":{"line":37,"column":27},"end":{"line":37,"column":65}},"type":"binary-expr","locations":[{"start":{"line":37,"column":27},"end":{"line":37,"column":41}},{"start":{"line":37,"column":41},"end":{"line":37,"column":65}}]},"5":{"loc":{"start":{"line":67,"column":20},"end":{"line":67,"column":null}},"type":"binary-expr","locations":[{"start":{"line":67,"column":20},"end":{"line":67,"column":42}},{"start":{"line":67,"column":46},"end":{"line":67,"column":null}}]},"6":{"loc":{"start":{"line":74,"column":11},"end":{"line":74,"column":null}},"type":"binary-expr","locations":[{"start":{"line":74,"column":11},"end":{"line":74,"column":null}}]}},"s":{"0":0,"1":0,"2":0,"3":0,"4":0,"5":0,"6":0,"7":0,"8":0,"9":0,"10":0,"11":0,"12":0,"13":0,"14":0,"15":0,"16":0,"17":0,"18":0},"f":{"0":0,"1":0,"2":0},"b":{"0":[0,0],"1":[0,0],"2":[0,0],"3":[0,0],"4":[0,0],"5":[0,0],"6":[0]}}
,"C:\\Users\\gulsa\\federated-cancer-screening\\frontend\\pages\\mlflow\\[run_uuid].tsx": {"path":"C:\\Users\\gulsa\\federated-cancer-screening\\frontend\\pages\\mlflow\\[run_uuid].tsx","statementMap":{"0":{"start":{"line":8,"column":16},"end":{"line":11,"column":null}},"1":{"start":{"line":8,"column":30},"end":{"line":8,"column":62}},"2":{"start":{"line":43,"column":22},"end":{"line":166,"column":null}},"3":{"start":{"line":44,"column":17},"end":{"line":44,"column":null}},"4":{"start":{"line":45,"column":23},"end":{"line":45,"column":35}},"5":{"start":{"line":46,"column":36},"end":{"line":46,"column":null}},"6":{"start":{"line":47,"column":28},"end":{"line":47,"column":null}},"7":{"start":{"line":49,"column":2},"end":{"line":64,"column":null}},"8":{"start":{"line":50,"column":4},"end":{"line":63,"column":null}},"9":{"start":{"line":51,"column":29},"end":{"line":61,"column":null}},"10":{"start":{"line":52,"column":8},"end":{"line":60,"column":null}},"11":{"start":{"line":53,"column":27},"end":{"line":55,"column":null}},"12":{"start":{"line":56,"column":10},"end":{"line":56,"column":null}},"13":{"start":{"line":58,"column":10},"end":{"line":58,"column":null}},"14":{"start":{"line":59,"column":10},"end":{"line":59,"column":null}},"15":{"start":{"line":62,"column":6},"end":{"line":62,"column":null}},"16":{"start":{"line":66,"column":2},"end":{"line":68,"column":null}},"17":{"start":{"line":70,"column":2},"end":{"line":72,"column":null}},"18":{"start":{"line":74,"column":26},"end":{"line":76,"column":null}},"19":{"start":{"line":75,"column":4},"end":{"line":75,"column":null}},"20":{"start":{"line":78,"column":23},"end":{"line":99,"column":null}},"21":{"start":{"line":79,"column":26},"end":{"line":79,"column":54}},"22":{"start":{"line":80,"column":4},"end":{"line":82,"column":null}},"23":{"start":{"line":81,"column":6},"end":{"line":81,"column":null}},"24":{"start":{"line":84,"column":19},"end":{"line":84,"column":null}},"25":{"start":{"line":84,"column":42},"end":{"line":84,"column":48}},"26":{"start":{"line":85,"column":17},"end":{"line":85,"column":null}},"27":{"start":{"line":85,"column":40},"end":{"line":85,"column":47}},"28":{"start":{"line":87,"column":4},"end":{"line":98,"column":null}},"29":{"start":{"line":125,"column":16},"end":{"line":125,"column":36}},"30":{"start":{"line":140,"column":32},"end":{"line":140,"column":null}},"31":{"start":{"line":141,"column":14},"end":{"line":146,"column":null}},"32":{"start":{"line":157,"column":14},"end":{"line":157,"column":38}}},"fnMap":{"0":{"name":"(anonymous_0)","decl":{"start":{"line":8,"column":24},"end":{"line":8,"column":30}},"loc":{"start":{"line":8,"column":30},"end":{"line":8,"column":62}}},"1":{"name":"(anonymous_2)","decl":{"start":{"line":43,"column":22},"end":{"line":43,"column":null}},"loc":{"start":{"line":43,"column":22},"end":{"line":166,"column":null}}},"2":{"name":"(anonymous_3)","decl":{"start":{"line":49,"column":12},"end":{"line":49,"column":null}},"loc":{"start":{"line":49,"column":12},"end":{"line":64,"column":5}}},"3":{"name":"(anonymous_4)","decl":{"start":{"line":51,"column":29},"end":{"line":51,"column":null}},"loc":{"start":{"line":51,"column":29},"end":{"line":61,"column":null}}},"4":{"name":"(anonymous_5)","decl":{"start":{"line":74,"column":26},"end":{"line":74,"column":27}},"loc":{"start":{"line":74,"column":27},"end":{"line":76,"column":null}}},"5":{"name":"(anonymous_6)","decl":{"start":{"line":78,"column":23},"end":{"line":78,"column":24}},"loc":{"start":{"line":78,"column":24},"end":{"line":99,"column":null}}},"6":{"name":"(anonymous_7)","decl":{"start":{"line":84,"column":37},"end":{"line":84,"column":42}},"loc":{"start":{"line":84,"column":42},"end":{"line":84,"column":48}}},"7":{"name":"(anonymous_8)","decl":{"start":{"line":85,"column":35},"end":{"line":85,"column":40}},"loc":{"start":{"line":85,"column":40},"end":{"line":85,"column":47}}},"8":{"name":"(anonymous_9)","decl":{"start":{"line":124,"column":36},"end":{"line":124,"column":null}},"loc":{"start":{"line":125,"column":16},"end":{"line":125,"column":36}}},"9":{"name":"(anonymous_10)","decl":{"start":{"line":139,"column":48},"end":{"line":139,"column":null}},"loc":{"start":{"line":139,"column":48},"end":{"line":147,"column":null}}},"10":{"name":"(anonymous_11)","decl":{"start":{"line":156,"column":37},"end":{"line":156,"column":null}},"loc":{"start":{"line":157,"column":14},"end":{"line":157,"column":38}}}},"branchMap":{"0":{"loc":{"start":{"line":50,"column":4},"end":{"line":63,"column":null}},"type":"if","locations":[{"start":{"line":50,"column":4},"end":{"line":63,"column":null}},{"start":{},"end":{}}]},"1":{"loc":{"start":{"line":66,"column":2},"end":{"line":68,"column":null}},"type":"if","locations":[{"start":{"line":66,"column":2},"end":{"line":68,"column":null}},{"start":{},"end":{}}]},"2":{"loc":{"start":{"line":70,"column":2},"end":{"line":72,"column":null}},"type":"if","locations":[{"start":{"line":70,"column":2},"end":{"line":72,"column":null}},{"start":{},"end":{}}]},"3":{"loc":{"start":{"line":80,"column":4},"end":{"line":82,"column":null}},"type":"if","locations":[{"start":{"line":80,"column":4},"end":{"line":82,"column":null}},{"start":{},"end":{}}]},"4":{"loc":{"start":{"line":80,"column":8},"end":{"line":80,"column":54}},"type":"binary-expr","locations":[{"start":{"line":80,"column":8},"end":{"line":80,"column":26}},{"start":{"line":80,"column":26},"end":{"line":80,"column":54}}]},"5":{"loc":{"start":{"line":103,"column":52},"end":{"line":103,"column":92}},"type":"binary-expr","locations":[{"start":{"line":103,"column":52},"end":{"line":103,"column":70}},{"start":{"line":103,"column":74},"end":{"line":103,"column":92}}]},"6":{"loc":{"start":{"line":109,"column":39},"end":{"line":109,"column":null}},"type":"cond-expr","locations":[{"start":{"line":109,"column":60},"end":{"line":109,"column":98}},{"start":{"line":109,"column":98},"end":{"line":109,"column":null}}]},"7":{"loc":{"start":{"line":113,"column":7},"end":{"line":113,"column":null}},"type":"binary-expr","locations":[{"start":{"line":113,"column":7},"end":{"line":113,"column":null}}]},"8":{"loc":{"start":{"line":135,"column":7},"end":{"line":135,"column":null}},"type":"binary-expr","locations":[{"start":{"line":135,"column":7},"end":{"line":135,"column":null}}]},"9":{"loc":{"start":{"line":141,"column":21},"end":{"line":146,"column":null}},"type":"cond-expr","locations":[{"start":{"line":142,"column":16},"end":{"line":142,"column":37}},{"start":{"line":146,"column":18},"end":{"line":146,"column":null}}]},"10":{"loc":{"start":{"line":152,"column":7},"end":{"line":152,"column":null}},"type":"binary-expr","locations":[{"start":{"line":152,"column":7},"end":{"line":152,"column":null}}]},"11":{"loc":{"start":{"line":158,"column":17},"end":{"line":158,"column":49}},"type":"cond-expr","locations":[{"start":{"line":158,"column":35},"end":{"line":158,"column":43}},{"start":{"line":158,"column":43},"end":{"line":158,"column":49}}]},"12":{"loc":{"start":{"line":158,"column":67},"end":{"line":158,"column":null}},"type":"cond-expr","locations":[{"start":{"line":158,"column":97},"end":{"line":158,"column":128}},{"start":{"line":158,"column":131},"end":{"line":158,"column":null}}]}},"s":{"0":0,"1":0,"2":0,"3":0,"4":0,"5":0,"6":0,"7":0,"8":0,"9":0,"10":0,"11":0,"12":0,"13":0,"14":0,"15":0,"16":0,"17":0,"18":0,"19":0,"20":0,"21":0,"22":0,"23":0,"24":0,"25":0,"26":0,"27":0,"28":0,"29":0,"30":0,"31":0,"32":0},"f":{"0":0,"1":0,"2":0,"3":0,"4":0,"5":0,"6":0,"7":0,"8":0,"9":0,"10":0},"b":{"0":[0,0],"1":[0,0],"2":[0,0],"3":[0,0],"4":[0,0],"5":[0,0],"6":[0,0],"7":[0],"8":[0],"9":[0,0],"10":[0],"11":[0,0],"12":[0,0]}}
,"C:\\Users\\gulsa\\federated-cancer-screening\\frontend\\src\\components\\AuthProviderWrapper.tsx": {"path":"C:\\Users\\gulsa\\federated-cancer-screening\\frontend\\src\\components\\AuthProviderWrapper.tsx","statementMap":{"0":{"start":{"line":5,"column":21},"end":{"line":5,"column":null}},"1":{"start":{"line":5,"column":35},"end":{"line":5,"column":98}},"2":{"start":{"line":5,"column":79},"end":{"line":5,"column":95}}},"fnMap":{"0":{"name":"(anonymous_0)","decl":{"start":{"line":5,"column":29},"end":{"line":5,"column":35}},"loc":{"start":{"line":5,"column":35},"end":{"line":5,"column":98}}},"1":{"name":"(anonymous_1)","decl":{"start":{"line":5,"column":72},"end":{"line":5,"column":79}},"loc":{"start":{"line":5,"column":79},"end":{"line":5,"column":95}}}},"branchMap":{},"s":{"0":0,"1":0,"2":0},"f":{"0":0,"1":0},"b":{}}
,"C:\\Users\\gulsa\\federated-cancer-screening\\frontend\\src\\components\\CasesList.tsx": {"path":"C:\\Users\\gulsa\\federated-cancer-screening\\frontend\\src\\components\\CasesList.tsx","statementMap":{"0":{"start":{"line":31,"column":24},"end":{"line":31,"column":null}},"1":{"start":{"line":3,"column":52},"end":{"line":3,"column":null}},"2":{"start":{"line":4,"column":26},"end":{"line":4,"column":null}},"3":{"start":{"line":5,"column":26},"end":{"line":5,"column":null}},"4":{"start":{"line":6,"column":17},"end":{"line":6,"column":null}},"5":{"start":{"line":16,"column":16},"end":{"line":22,"column":null}},"6":{"start":{"line":24,"column":22},"end":{"line":29,"column":null}},"7":{"start":{"line":32,"column":28},"end":{"line":32,"column":null}},"8":{"start":{"line":33,"column":32},"end":{"line":33,"column":null}},"9":{"start":{"line":34,"column":28},"end":{"line":34,"column":null}},"10":{"start":{"line":35,"column":17},"end":{"line":35,"column":null}},"11":{"start":{"line":37,"column":46},"end":{"line":43,"column":null}},"12":{"start":{"line":44,"column":42},"end":{"line":44,"column":null}},"13":{"start":{"line":46,"column":2},"end":{"line":76,"column":null}},"14":{"start":{"line":47,"column":23},"end":{"line":73,"column":null}},"15":{"start":{"line":48,"column":6},"end":{"line":72,"column":null}},"16":{"start":{"line":49,"column":8},"end":{"line":49,"column":null}},"17":{"start":{"line":50,"column":23},"end":{"line":50,"column":null}},"18":{"start":{"line":51,"column":8},"end":{"line":57,"column":null}},"19":{"start":{"line":52,"column":10},"end":{"line":52,"column":null}},"20":{"start":{"line":53,"column":10},"end":{"line":55,"column":null}},"21":{"start":{"line":58,"column":8},"end":{"line":60,"column":null}},"22":{"start":{"line":59,"column":10},"end":{"line":59,"column":null}},"23":{"start":{"line":61,"column":46},"end":{"line":61,"column":55}},"24":{"start":{"line":63,"column":10},"end":{"line":64,"column":null}},"25":{"start":{"line":66,"column":8},"end":{"line":66,"column":null}},"26":{"start":{"line":68,"column":8},"end":{"line":68,"column":null}},"27":{"start":{"line":69,"column":8},"end":{"line":69,"column":null}},"28":{"start":{"line":71,"column":8},"end":{"line":71,"column":null}},"29":{"start":{"line":75,"column":4},"end":{"line":75,"column":null}},"30":{"start":{"line":78,"column":22},"end":{"line":97,"column":null}},"31":{"start":{"line":81,"column":19},"end":{"line":95,"column":null}},"32":{"start":{"line":82,"column":21},"end":{"line":82,"column":59}},"33":{"start":{"line":83,"column":21},"end":{"line":83,"column":59}},"34":{"start":{"line":85,"column":6},"end":{"line":93,"column":null}},"35":{"start":{"line":86,"column":8},"end":{"line":88,"column":null}},"36":{"start":{"line":89,"column":13},"end":{"line":93,"column":null}},"37":{"start":{"line":90,"column":8},"end":{"line":92,"column":null}},"38":{"start":{"line":94,"column":6},"end":{"line":94,"column":null}},"39":{"start":{"line":96,"column":4},"end":{"line":96,"column":null}},"40":{"start":{"line":99,"column":21},"end":{"line":114,"column":null}},"41":{"start":{"line":100,"column":22},"end":{"line":100,"column":51}},"42":{"start":{"line":102,"column":4},"end":{"line":113,"column":null}},"43":{"start":{"line":104,"column":8},"end":{"line":104,"column":null}},"44":{"start":{"line":112,"column":8},"end":{"line":112,"column":null}},"45":{"start":{"line":116,"column":21},"end":{"line":129,"column":null}},"46":{"start":{"line":117,"column":4},"end":{"line":128,"column":null}},"47":{"start":{"line":118,"column":6},"end":{"line":122,"column":null}},"48":{"start":{"line":124,"column":6},"end":{"line":127,"column":null}},"49":{"start":{"line":150,"column":31},"end":{"line":150,"column":null}},"50":{"start":{"line":153,"column":16},"end":{"line":153,"column":43}},"51":{"start":{"line":177,"column":20},"end":{"line":178,"column":null}},"52":{"start":{"line":182,"column":24},"end":{"line":182,"column":null}},"53":{"start":{"line":216,"column":20},"end":{"line":217,"column":null}},"54":{"start":{"line":221,"column":24},"end":{"line":222,"column":null}}},"fnMap":{"0":{"name":"CasesList","decl":{"start":{"line":31,"column":24},"end":{"line":31,"column":null}},"loc":{"start":{"line":31,"column":24},"end":{"line":238,"column":null}}},"1":{"name":"(anonymous_6)","decl":{"start":{"line":46,"column":12},"end":{"line":46,"column":null}},"loc":{"start":{"line":46,"column":12},"end":{"line":76,"column":5}}},"2":{"name":"(anonymous_7)","decl":{"start":{"line":47,"column":23},"end":{"line":47,"column":null}},"loc":{"start":{"line":47,"column":23},"end":{"line":73,"column":null}}},"3":{"name":"(anonymous_8)","decl":{"start":{"line":78,"column":30},"end":{"line":78,"column":null}},"loc":{"start":{"line":78,"column":30},"end":{"line":97,"column":5}}},"4":{"name":"(anonymous_9)","decl":{"start":{"line":81,"column":35},"end":{"line":81,"column":36}},"loc":{"start":{"line":81,"column":39},"end":{"line":95,"column":null}}},"5":{"name":"(anonymous_10)","decl":{"start":{"line":99,"column":39},"end":{"line":99,"column":40}},"loc":{"start":{"line":99,"column":52},"end":{"line":114,"column":5}}},"6":{"name":"(anonymous_11)","decl":{"start":{"line":116,"column":21},"end":{"line":116,"column":22}},"loc":{"start":{"line":116,"column":22},"end":{"line":129,"column":null}}},"7":{"name":"(anonymous_12)","decl":{"start":{"line":150,"column":24},"end":{"line":150,"column":25}},"loc":{"start":{"line":150,"column":31},"end":{"line":150,"column":null}}},"8":{"name":"(anonymous_13)","decl":{"start":{"line":152,"column":33},"end":{"line":152,"column":34}},"loc":{"start":{"line":153,"column":16},"end":{"line":153,"column":43}}},"9":{"name":"(anonymous_14)","decl":{"start":{"line":176,"column":31},"end":{"line":176,"column":32}},"loc":{"start":{"line":177,"column":20},"end":{"line":178,"column":null}}},"10":{"name":"(anonymous_15)","decl":{"start":{"line":181,"column":31},"end":{"line":181,"column":null}},"loc":{"start":{"line":182,"column":24},"end":{"line":182,"column":null}}},"11":{"name":"(anonymous_16)","decl":{"start":{"line":215,"column":34},"end":{"line":215,"column":35}},"loc":{"start":{"line":216,"column":20},"end":{"line":217,"column":null}}},"12":{"name":"(anonymous_17)","decl":{"start":{"line":220,"column":35},"end":{"line":220,"column":36}},"loc":{"start":{"line":221,"column":24},"end":{"line":222,"column":null}}}},"branchMap":{"0":{"loc":{"start":{"line":51,"column":8},"end":{"line":57,"column":null}},"type":"if","locations":[{"start":{"line":51,"column":8},"end":{"line":57,"column":null}},{"start":{},"end":{}}]},"1":{"loc":{"start":{"line":55,"column":12},"end":{"line":55,"column":null}},"type":"cond-expr","locations":[{"start":{"line":55,"column":55},"end":{"line":55,"column":63}},{"start":{"line":55,"column":63},"end":{"line":55,"column":null}}]},"2":{"loc":{"start":{"line":58,"column":8},"end":{"line":60,"column":null}},"type":"if","locations":[{"start":{"line":58,"column":8},"end":{"line":60,"column":null}},{"start":{},"end":{}}]},"3":{"loc":{"start":{"line":85,"column":6},"end":{"line":93,"column":null}},"type":"if","locations":[{"start":{"line":85,"column":6},"end":{"line":93,"column":null}},{"start":{"line":89,"column":13},"end":{"line":93,"column":null}}]},"4":{"loc":{"start":{"line":85,"column":10},"end":{"line":85,"column":68}},"type":"binary-expr","locations":[{"start":{"line":85,"column":10},"end":{"line":85,"column":40}},{"start":{"line":85,"column":40},"end":{"line":85,"column":68}}]},"5":{"loc":{"start":{"line":86,"column":15},"end":{"line":88,"column":null}},"type":"cond-expr","locations":[{"start":{"line":87,"column":12},"end":{"line":87,"column":null}},{"start":{"line":88,"column":12},"end":{"line":88,"column":null}}]},"6":{"loc":{"start":{"line":89,"column":13},"end":{"line":93,"column":null}},"type":"if","locations":[{"start":{"line":89,"column":13},"end":{"line":93,"column":null}},{"start":{},"end":{}}]},"7":{"loc":{"start":{"line":89,"column":17},"end":{"line":89,"column":75}},"type":"binary-expr","locations":[{"start":{"line":89,"column":17},"end":{"line":89,"column":47}},{"start":{"line":89,"column":47},"end":{"line":89,"column":75}}]},"8":{"loc":{"start":{"line":90,"column":15},"end":{"line":92,"column":null}},"type":"cond-expr","locations":[{"start":{"line":91,"column":12},"end":{"line":91,"column":null}},{"start":{"line":92,"column":12},"end":{"line":92,"column":null}}]},"9":{"loc":{"start":{"line":102,"column":4},"end":{"line":113,"column":null}},"type":"switch","locations":[{"start":{"line":103,"column":6},"end":{"line":104,"column":null}},{"start":{"line":111,"column":6},"end":{"line":112,"column":null}}]},"10":{"loc":{"start":{"line":117,"column":4},"end":{"line":128,"column":null}},"type":"if","locations":[{"start":{"line":117,"column":4},"end":{"line":128,"column":null}},{"start":{"line":123,"column":11},"end":{"line":128,"column":null}}]},"11":{"loc":{"start":{"line":121,"column":10},"end":{"line":121,"column":null}},"type":"cond-expr","locations":[{"start":{"line":121,"column":53},"end":{"line":121,"column":68}},{"start":{"line":121,"column":68},"end":{"line":121,"column":null}}]},"12":{"loc":{"start":{"line":168,"column":10},"end":{"line":172,"column":11}},"type":"cond-expr","locations":[{"start":{"line":168,"column":10},"end":{"line":172,"column":11}}]},"13":{"loc":{"start":{"line":182,"column":24},"end":{"line":182,"column":null}},"type":"binary-expr","locations":[{"start":{"line":182,"column":24},"end":{"line":182,"column":52}},{"start":{"line":182,"column":52},"end":{"line":182,"column":null}}]},"14":{"loc":{"start":{"line":186,"column":23},"end":{"line":186,"column":59}},"type":"binary-expr","locations":[{"start":{"line":186,"column":23},"end":{"line":186,"column":59}}]},"15":{"loc":{"start":{"line":188,"column":27},"end":{"line":188,"column":null}},"type":"cond-expr","locations":[{"start":{"line":188,"column":70},"end":{"line":188,"column":76}},{"start":{"line":188,"column":76},"end":{"line":188,"column":null}}]},"16":{"loc":{"start":{"line":196,"column":17},"end":{"line":217,"column":null}},"type":"cond-expr","locations":[{"start":{"line":197,"column":18},"end":{"line":205,"column":32}},{"start":{"line":205,"column":20},"end":{"line":217,"column":null}}]},"17":{"loc":{"start":{"line":205,"column":20},"end":{"line":217,"column":null}},"type":"cond-expr","locations":[{"start":{"line":206,"column":18},"end":{"line":215,"column":30}},{"start":{"line":215,"column":18},"end":{"line":217,"column":null}}]}},"s":{"0":3,"1":1,"2":1,"3":1,"4":1,"5":1,"6":1,"7":6,"8":6,"9":6,"10":6,"11":6,"12":6,"13":6,"14":3,"15":3,"16":3,"17":3,"18":3,"19":3,"20":3,"21":3,"22":0,"23":3,"24":3,"25":2,"26":1,"27":1,"28":3,"29":3,"30":6,"31":5,"32":1,"33":1,"34":1,"35":1,"36":0,"37":0,"38":0,"39":5,"40":6,"41":10,"42":10,"43":2,"44":6,"45":6,"46":0,"47":0,"48":0,"49":0,"50":24,"51":25,"52":0,"53":2,"54":10},"f":{"0":6,"1":3,"2":3,"3":5,"4":1,"5":10,"6":0,"7":0,"8":24,"9":25,"10":0,"11":2,"12":10},"b":{"0":[3,0],"1":[0,3],"2":[0,3],"3":[1,0],"4":[1,1],"5":[0,1],"6":[0,0],"7":[0,0],"8":[0,0],"9":[2,6],"10":[0,0],"11":[0,0],"12":[1],"13":[0,0],"14":[25],"15":[0,5],"16":[3,2],"17":[1,1]}}
,"C:\\Users\\gulsa\\federated-cancer-screening\\frontend\\src\\components\\FLChart.tsx": {"path":"C:\\Users\\gulsa\\federated-cancer-screening\\frontend\\src\\components\\FLChart.tsx","statementMap":{"0":{"start":{"line":16,"column":0},"end":{"line":23,"column":null}}},"fnMap":{"0":{"name":"FLChart","decl":{"start":{"line":32,"column":24},"end":{"line":32,"column":32}},"loc":{"start":{"line":32,"column":63},"end":{"line":34,"column":null}}}},"branchMap":{},"s":{"0":0},"f":{"0":0},"b":{}}
,"C:\\Users\\gulsa\\federated-cancer-screening\\frontend\\src\\components\\ReportsList.tsx": {"path":"C:\\Users\\gulsa\\federated-cancer-screening\\frontend\\src\\components\\ReportsList.tsx","statementMap":{"0":{"start":{"line":35,"column":20},"end":{"line":173,"column":null}},"1":{"start":{"line":36,"column":32},"end":{"line":36,"column":null}},"2":{"start":{"line":37,"column":32},"end":{"line":37,"column":null}},"3":{"start":{"line":38,"column":28},"end":{"line":38,"column":null}},"4":{"start":{"line":39,"column":30},"end":{"line":39,"column":null}},"5":{"start":{"line":40,"column":36},"end":{"line":40,"column":null}},"6":{"start":{"line":41,"column":40},"end":{"line":41,"column":null}},"7":{"start":{"line":50,"column":2},"end":{"line":82,"column":null}},"8":{"start":{"line":51,"column":25},"end":{"line":79,"column":null}},"9":{"start":{"line":52,"column":6},"end":{"line":78,"column":null}},"10":{"start":{"line":53,"column":8},"end":{"line":53,"column":null}},"11":{"start":{"line":54,"column":18},"end":{"line":54,"column":null}},"12":{"start":{"line":55,"column":23},"end":{"line":55,"column":null}},"13":{"start":{"line":58,"column":8},"end":{"line":58,"column":null}},"14":{"start":{"line":59,"column":8},"end":{"line":59,"column":null}},"15":{"start":{"line":62,"column":8},"end":{"line":64,"column":null}},"16":{"start":{"line":63,"column":10},"end":{"line":63,"column":null}},"17":{"start":{"line":66,"column":8},"end":{"line":68,"column":null}},"18":{"start":{"line":67,"column":10},"end":{"line":67,"column":null}},"19":{"start":{"line":70,"column":46},"end":{"line":70,"column":null}},"20":{"start":{"line":71,"column":50},"end":{"line":71,"column":null}},"21":{"start":{"line":72,"column":8},"end":{"line":72,"column":null}},"22":{"start":{"line":74,"column":8},"end":{"line":74,"column":null}},"23":{"start":{"line":75,"column":8},"end":{"line":75,"column":null}},"24":{"start":{"line":77,"column":8},"end":{"line":77,"column":null}},"25":{"start":{"line":81,"column":4},"end":{"line":81,"column":null}},"26":{"start":{"line":85,"column":2},"end":{"line":87,"column":null}},"27":{"start":{"line":90,"column":2},"end":{"line":92,"column":null}},"28":{"start":{"line":104,"column":29},"end":{"line":104,"column":null}},"29":{"start":{"line":118,"column":29},"end":{"line":118,"column":null}},"30":{"start":{"line":131,"column":29},"end":{"line":131,"column":null}},"31":{"start":{"line":148,"column":12},"end":{"line":148,"column":32}}},"fnMap":{"0":{"name":"(anonymous_0)","decl":{"start":{"line":35,"column":20},"end":{"line":35,"column":null}},"loc":{"start":{"line":35,"column":20},"end":{"line":173,"column":null}}},"1":{"name":"(anonymous_1)","decl":{"start":{"line":50,"column":12},"end":{"line":50,"column":null}},"loc":{"start":{"line":50,"column":12},"end":{"line":82,"column":5}}},"2":{"name":"(anonymous_2)","decl":{"start":{"line":51,"column":25},"end":{"line":51,"column":null}},"loc":{"start":{"line":51,"column":25},"end":{"line":79,"column":null}}},"3":{"name":"(anonymous_3)","decl":{"start":{"line":104,"column":22},"end":{"line":104,"column":23}},"loc":{"start":{"line":104,"column":29},"end":{"line":104,"column":null}}},"4":{"name":"(anonymous_4)","decl":{"start":{"line":118,"column":22},"end":{"line":118,"column":23}},"loc":{"start":{"line":118,"column":29},"end":{"line":118,"column":null}}},"5":{"name":"(anonymous_5)","decl":{"start":{"line":131,"column":22},"end":{"line":131,"column":23}},"loc":{"start":{"line":131,"column":29},"end":{"line":131,"column":null}}},"6":{"name":"(anonymous_6)","decl":{"start":{"line":147,"column":23},"end":{"line":147,"column":24}},"loc":{"start":{"line":148,"column":12},"end":{"line":148,"column":32}}}},"branchMap":{"0":{"loc":{"start":{"line":62,"column":8},"end":{"line":64,"column":null}},"type":"if","locations":[{"start":{"line":62,"column":8},"end":{"line":64,"column":null}},{"start":{},"end":{}}]},"1":{"loc":{"start":{"line":66,"column":8},"end":{"line":68,"column":null}},"type":"if","locations":[{"start":{"line":66,"column":8},"end":{"line":68,"column":null}},{"start":{},"end":{}}]},"2":{"loc":{"start":{"line":85,"column":2},"end":{"line":87,"column":null}},"type":"if","locations":[{"start":{"line":85,"column":2},"end":{"line":87,"column":null}},{"start":{},"end":{}}]},"3":{"loc":{"start":{"line":90,"column":2},"end":{"line":92,"column":null}},"type":"if","locations":[{"start":{"line":90,"column":2},"end":{"line":92,"column":null}},{"start":{},"end":{}}]},"4":{"loc":{"start":{"line":142,"column":8},"end":{"line":146,"column":9}},"type":"cond-expr","locations":[{"start":{"line":142,"column":8},"end":{"line":146,"column":9}}]},"5":{"loc":{"start":{"line":151,"column":127},"end":{"line":151,"column":189}},"type":"cond-expr","locations":[{"start":{"line":151,"column":155},"end":{"line":151,"column":172}},{"start":{"line":151,"column":172},"end":{"line":151,"column":189}}]}},"s":{"0":0,"1":0,"2":0,"3":0,"4":0,"5":0,"6":0,"7":0,"8":0,"9":0,"10":0,"11":0,"12":0,"13":0,"14":0,"15":0,"16":0,"17":0,"18":0,"19":0,"20":0,"21":0,"22":0,"23":0,"24":0,"25":0,"26":0,"27":0,"28":0,"29":0,"30":0,"31":0},"f":{"0":0,"1":0,"2":0,"3":0,"4":0,"5":0,"6":0},"b":{"0":[0,0],"1":[0,0],"2":[0,0],"3":[0,0],"4":[0],"5":[0,0]}}
,"C:\\Users\\gulsa\\federated-cancer-screening\\frontend\\src\\components\\ThemeSwitcher.tsx": {"path":"C:\\Users\\gulsa\\federated-cancer-screening\\frontend\\src\\components\\ThemeSwitcher.tsx","statementMap":{"0":{"start":{"line":6,"column":22},"end":{"line":31,"column":null}},"1":{"start":{"line":7,"column":32},"end":{"line":7,"column":null}},"2":{"start":{"line":8,"column":30},"end":{"line":8,"column":null}},"3":{"start":{"line":10,"column":2},"end":{"line":12,"column":null}},"4":{"start":{"line":11,"column":4},"end":{"line":11,"column":null}},"5":{"start":{"line":14,"column":2},"end":{"line":16,"column":null}},"6":{"start":{"line":15,"column":4},"end":{"line":15,"column":null}},"7":{"start":{"line":18,"column":22},"end":{"line":20,"column":null}},"8":{"start":{"line":19,"column":4},"end":{"line":19,"column":null}}},"fnMap":{"0":{"name":"(anonymous_0)","decl":{"start":{"line":6,"column":22},"end":{"line":6,"column":null}},"loc":{"start":{"line":6,"column":22},"end":{"line":31,"column":null}}},"1":{"name":"(anonymous_1)","decl":{"start":{"line":10,"column":12},"end":{"line":10,"column":null}},"loc":{"start":{"line":10,"column":12},"end":{"line":12,"column":5}}},"2":{"name":"(anonymous_2)","decl":{"start":{"line":18,"column":22},"end":{"line":18,"column":null}},"loc":{"start":{"line":18,"column":22},"end":{"line":20,"column":null}}}},"branchMap":{"0":{"loc":{"start":{"line":14,"column":2},"end":{"line":16,"column":null}},"type":"if","locations":[{"start":{"line":14,"column":2},"end":{"line":16,"column":null}},{"start":{},"end":{}}]},"1":{"loc":{"start":{"line":19,"column":13},"end":{"line":19,"column":null}},"type":"cond-expr","locations":[{"start":{"line":19,"column":32},"end":{"line":19,"column":42}},{"start":{"line":19,"column":42},"end":{"line":19,"column":null}}]},"2":{"loc":{"start":{"line":28,"column":7},"end":{"line":28,"column":null}},"type":"cond-expr","locations":[{"start":{"line":28,"column":26},"end":{"line":28,"column":41}},{"start":{"line":28,"column":41},"end":{"line":28,"column":null}}]}},"s":{"0":0,"1":0,"2":0,"3":0,"4":0,"5":0,"6":0,"7":0,"8":0},"f":{"0":0,"1":0,"2":0},"b":{"0":[0,0],"1":[0,0],"2":[0,0]}}
,"C:\\Users\\gulsa\\federated-cancer-screening\\frontend\\src\\context\\AuthContext.tsx": {"path":"C:\\Users\\gulsa\\federated-cancer-screening\\frontend\\src\\context\\AuthContext.tsx","statementMap":{"0":{"start":{"line":26,"column":20},"end":{"line":26,"column":null}},"1":{"start":{"line":40,"column":28},"end":{"line":108,"column":2}},"2":{"start":{"line":41,"column":48},"end":{"line":41,"column":null}},"3":{"start":{"line":42,"column":32},"end":{"line":42,"column":null}},"4":{"start":{"line":43,"column":17},"end":{"line":43,"column":null}},"5":{"start":{"line":44,"column":19},"end":{"line":44,"column":32}},"6":{"start":{"line":54,"column":2},"end":{"line":65,"column":null}},"7":{"start":{"line":55,"column":22},"end":{"line":63,"column":null}},"8":{"start":{"line":56,"column":20},"end":{"line":56,"column":null}},"9":{"start":{"line":57,"column":6},"end":{"line":61,"column":null}},"10":{"start":{"line":58,"column":8},"end":{"line":58,"column":null}},"11":{"start":{"line":60,"column":8},"end":{"line":60,"column":null}},"12":{"start":{"line":62,"column":6},"end":{"line":62,"column":null}},"13":{"start":{"line":64,"column":4},"end":{"line":64,"column":null}},"14":{"start":{"line":73,"column":2},"end":{"line":80,"column":null}},"15":{"start":{"line":74,"column":4},"end":{"line":79,"column":null}},"16":{"start":{"line":76,"column":6},"end":{"line":78,"column":null}},"17":{"start":{"line":77,"column":8},"end":{"line":77,"column":null}},"18":{"start":{"line":87,"column":16},"end":{"line":90,"column":null}},"19":{"start":{"line":88,"column":4},"end":{"line":88,"column":null}},"20":{"start":{"line":89,"column":4},"end":{"line":89,"column":null}},"21":{"start":{"line":97,"column":17},"end":{"line":101,"column":null}},"22":{"start":{"line":98,"column":4},"end":{"line":98,"column":null}},"23":{"start":{"line":99,"column":4},"end":{"line":99,"column":null}},"24":{"start":{"line":100,"column":4},"end":{"line":100,"column":null}},"25":{"start":{"line":118,"column":23},"end":{"line":124,"column":2}},"26":{"start":{"line":119,"column":18},"end":{"line":119,"column":null}},"27":{"start":{"line":120,"column":2},"end":{"line":122,"column":null}},"28":{"start":{"line":121,"column":4},"end":{"line":121,"column":null}},"29":{"start":{"line":123,"column":2},"end":{"line":123,"column":null}}},"fnMap":{"0":{"name":"(anonymous_0)","decl":{"start":{"line":40,"column":28},"end":{"line":40,"column":29}},"loc":{"start":{"line":40,"column":72},"end":{"line":108,"column":2}}},"1":{"name":"(anonymous_1)","decl":{"start":{"line":54,"column":12},"end":{"line":54,"column":null}},"loc":{"start":{"line":54,"column":12},"end":{"line":65,"column":5}}},"2":{"name":"(anonymous_2)","decl":{"start":{"line":55,"column":22},"end":{"line":55,"column":null}},"loc":{"start":{"line":55,"column":22},"end":{"line":63,"column":null}}},"3":{"name":"(anonymous_3)","decl":{"start":{"line":73,"column":12},"end":{"line":73,"column":null}},"loc":{"start":{"line":73,"column":12},"end":{"line":80,"column":5}}},"4":{"name":"(anonymous_4)","decl":{"start":{"line":87,"column":16},"end":{"line":87,"column":17}},"loc":{"start":{"line":87,"column":17},"end":{"line":90,"column":null}}},"5":{"name":"(anonymous_5)","decl":{"start":{"line":97,"column":17},"end":{"line":97,"column":null}},"loc":{"start":{"line":97,"column":17},"end":{"line":101,"column":null}}},"6":{"name":"(anonymous_6)","decl":{"start":{"line":118,"column":23},"end":{"line":118,"column":null}},"loc":{"start":{"line":118,"column":23},"end":{"line":124,"column":2}}}},"branchMap":{"0":{"loc":{"start":{"line":57,"column":6},"end":{"line":61,"column":null}},"type":"if","locations":[{"start":{"line":57,"column":6},"end":{"line":61,"column":null}},{"start":{"line":59,"column":13},"end":{"line":61,"column":null}}]},"1":{"loc":{"start":{"line":74,"column":4},"end":{"line":79,"column":null}},"type":"if","locations":[{"start":{"line":74,"column":4},"end":{"line":79,"column":null}},{"start":{},"end":{}}]},"2":{"loc":{"start":{"line":76,"column":6},"end":{"line":78,"column":null}},"type":"if","locations":[{"start":{"line":76,"column":6},"end":{"line":78,"column":null}},{"start":{},"end":{}}]},"3":{"loc":{"start":{"line":76,"column":10},"end":{"line":76,"column":81}},"type":"binary-expr","locations":[{"start":{"line":76,"column":10},"end":{"line":76,"column":30}},{"start":{"line":76,"column":30},"end":{"line":76,"column":55}},{"start":{"line":76,"column":55},"end":{"line":76,"column":81}}]},"4":{"loc":{"start":{"line":120,"column":2},"end":{"line":122,"column":null}},"type":"if","locations":[{"start":{"line":120,"column":2},"end":{"line":122,"column":null}},{"start":{},"end":{}}]}},"s":{"0":0,"1":0,"2":0,"3":0,"4":0,"5":0,"6":0,"7":0,"8":0,"9":0,"10":0,"11":0,"12":0,"13":0,"14":0,"15":0,"16":0,"17":0,"18":0,"19":0,"20":0,"21":0,"22":0,"23":0,"24":0,"25":0,"26":0,"27":0,"28":0,"29":0},"f":{"0":0,"1":0,"2":0,"3":0,"4":0,"5":0,"6":0},"b":{"0":[0,0],"1":[0,0],"2":[0,0],"3":[0,0,0],"4":[0,0]}}
,"C:\\Users\\gulsa\\federated-cancer-screening\\frontend\\src\\services\\api.ts": {"path":"C:\\Users\\gulsa\\federated-cancer-screening\\frontend\\src\\services\\api.ts","statementMap":{"0":{"start":{"line":11,"column":21},"end":{"line":11,"column":null}},"1":{"start":{"line":18,"column":25},"end":{"line":23,"column":3}},"2":{"start":{"line":33,"column":0},"end":{"line":46,"column":null}},"3":{"start":{"line":34,"column":2},"end":{"line":44,"column":null}},"4":{"start":{"line":36,"column":20},"end":{"line":36,"column":null}},"5":{"start":{"line":37,"column":6},"end":{"line":39,"column":null}},"6":{"start":{"line":38,"column":8},"end":{"line":38,"column":null}},"7":{"start":{"line":40,"column":6},"end":{"line":40,"column":null}},"8":{"start":{"line":43,"column":6},"end":{"line":43,"column":null}}},"fnMap":{"0":{"name":"(anonymous_0)","decl":{"start":{"line":35,"column":4},"end":{"line":35,"column":5}},"loc":{"start":{"line":35,"column":5},"end":{"line":41,"column":null}}},"1":{"name":"(anonymous_1)","decl":{"start":{"line":42,"column":4},"end":{"line":42,"column":5}},"loc":{"start":{"line":42,"column":5},"end":{"line":44,"column":null}}}},"branchMap":{"0":{"loc":{"start":{"line":11,"column":21},"end":{"line":11,"column":null}},"type":"binary-expr","locations":[{"start":{"line":11,"column":21},"end":{"line":11,"column":57}},{"start":{"line":11,"column":61},"end":{"line":11,"column":null}}]},"1":{"loc":{"start":{"line":33,"column":0},"end":{"line":46,"column":null}},"type":"if","locations":[{"start":{"line":33,"column":0},"end":{"line":46,"column":null}},{"start":{},"end":{}}]},"2":{"loc":{"start":{"line":37,"column":6},"end":{"line":39,"column":null}},"type":"if","locations":[{"start":{"line":37,"column":6},"end":{"line":39,"column":null}},{"start":{},"end":{}}]}},"s":{"0":0,"1":0,"2":0,"3":0,"4":0,"5":0,"6":0,"7":0,"8":0},"f":{"0":0,"1":0},"b":{"0":[0,0],"1":[0,0],"2":[0,0]}}
,"C:\\Users\\gulsa\\federated-cancer-screening\\frontend\\src\\store\\poc.ts": {"path":"C:\\Users\\gulsa\\federated-cancer-screening\\frontend\\src\\store\\poc.ts","statementMap":{"0":{"start":{"line":8,"column":27},"end":{"line":11,"column":4}},"1":{"start":{"line":8,"column":54},"end":{"line":11,"column":4}},"2":{"start":{"line":10,"column":21},"end":{"line":10,"column":null}}},"fnMap":{"0":{"name":"(anonymous_0)","decl":{"start":{"line":8,"column":44},"end":{"line":8,"column":45}},"loc":{"start":{"line":8,"column":54},"end":{"line":11,"column":4}}},"1":{"name":"(anonymous_1)","decl":{"start":{"line":10,"column":11},"end":{"line":10,"column":12}},"loc":{"start":{"line":10,"column":21},"end":{"line":10,"column":null}}}},"branchMap":{},"s":{"0":0,"1":0,"2":0},"f":{"0":0,"1":0},"b":{}}
}
