TN:
SF:pages\_app.tsx
FN:8,MyApp
FNF:1
FNH:0
FNDA:0,MyApp
DA:9,0
LF:1
LH:0
BRF:0
BRH:0
end_of_record
TN:
SF:pages\_document.tsx
FN:3,Document
FNF:1
FNH:0
FNDA:0,Document
LF:0
LH:0
BRF:0
BRH:0
end_of_record
TN:
SF:pages\analysis.tsx
FN:6,(anonymous_0)
FNF:1
FNH:0
FNDA:0,(anonymous_0)
DA:6,0
LF:1
LH:0
BRF:0
BRH:0
end_of_record
TN:
SF:pages\cases.tsx
FN:6,(anonymous_0)
FNF:1
FNH:0
FNDA:0,(anonymous_0)
DA:6,0
LF:1
LH:0
BRF:0
BRH:0
end_of_record
TN:
SF:pages\dashboard.tsx
FN:10,(anonymous_0)
FN:15,(anonymous_2)
FN:19,(anonymous_3)
FN:20,(anonymous_4)
FN:37,(anonymous_5)
FN:41,(anonymous_6)
FN:47,(anonymous_7)
FN:102,(anonymous_8)
FN:161,(anonymous_9)
FNF:9
FNH:0
FNDA:0,(anonymous_0)
FNDA:0,(anonymous_2)
FNDA:0,(anonymous_3)
FNDA:0,(anonymous_4)
FNDA:0,(anonymous_5)
FNDA:0,(anonymous_6)
FNDA:0,(anonymous_7)
FNDA:0,(anonymous_8)
FNDA:0,(anonymous_9)
DA:10,0
DA:15,0
DA:16,0
DA:17,0
DA:19,0
DA:20,0
DA:21,0
DA:22,0
DA:23,0
DA:24,0
DA:26,0
DA:29,0
DA:36,0
DA:37,0
DA:41,0
DA:47,0
DA:54,0
DA:67,0
DA:103,0
DA:162,0
LF:20
LH:0
BRDA:37,0,0,0
BRDA:37,0,1,0
BRDA:41,1,0,0
BRDA:41,1,1,0
BRDA:47,2,0,0
BRDA:47,2,1,0
BRDA:99,3,0,0
BRDA:123,4,0,0
BRDA:139,5,0,0
BRDA:158,6,0,0
BRF:10
BRH:0
end_of_record
TN:
SF:pages\fl-dashboard.tsx
FN:15,(anonymous_0)
FN:41,FLDashboardPage
FN:55,(anonymous_3)
FN:72,(anonymous_4)
FN:82,(anonymous_5)
FN:120,(anonymous_6)
FN:124,(anonymous_7)
FN:131,(anonymous_8)
FN:139,(anonymous_9)
FNF:9
FNH:0
FNDA:0,(anonymous_0)
FNDA:0,FLDashboardPage
FNDA:0,(anonymous_3)
FNDA:0,(anonymous_4)
FNDA:0,(anonymous_5)
FNDA:0,(anonymous_6)
FNDA:0,(anonymous_7)
FNDA:0,(anonymous_8)
FNDA:0,(anonymous_9)
DA:15,0
DA:42,0
DA:43,0
DA:44,0
DA:45,0
DA:46,0
DA:47,0
DA:55,0
DA:56,0
DA:57,0
DA:58,0
DA:59,0
DA:60,0
DA:62,0
DA:63,0
DA:65,0
DA:72,0
DA:73,0
DA:82,0
DA:83,0
DA:84,0
DA:85,0
DA:86,0
DA:87,0
DA:88,0
DA:89,0
DA:91,0
DA:93,0
DA:94,0
DA:96,0
DA:101,0
DA:110,0
DA:119,0
DA:120,0
DA:124,0
DA:131,0
DA:139,0
DA:149,0
LF:38
LH:0
BRDA:101,0,0,0
BRDA:101,0,1,0
BRDA:110,1,0,0
BRDA:110,1,1,0
BRDA:211,2,0,0
BRDA:211,2,1,0
BRDA:213,3,0,0
BRDA:214,4,0,0
BRDA:219,5,0,0
BRF:9
BRH:0
end_of_record
TN:
SF:pages\forgot-password.tsx
FN:6,ForgotPasswordPage
FNF:1
FNH:0
FNDA:0,ForgotPasswordPage
LF:0
LH:0
BRF:0
BRH:0
end_of_record
TN:
SF:pages\index.tsx
FN:13,(anonymous_0)
FN:25,Home
FNF:2
FNH:0
FNDA:0,(anonymous_0)
FNDA:0,Home
DA:13,0
LF:1
LH:0
BRF:0
BRH:0
end_of_record
TN:
SF:pages\login.tsx
FN:11,LoginPage
FN:18,(anonymous_6)
FN:63,(anonymous_7)
FN:73,(anonymous_8)
FNF:4
FNH:1
FNDA:1,LoginPage
FNDA:0,(anonymous_6)
FNDA:0,(anonymous_7)
FNDA:0,(anonymous_8)
DA:3,1
DA:4,1
DA:5,1
DA:6,1
DA:7,1
DA:9,1
DA:11,1
DA:12,1
DA:13,1
DA:14,1
DA:15,1
DA:16,1
DA:18,1
DA:19,0
DA:20,0
DA:21,0
DA:23,0
DA:24,0
DA:25,0
DA:29,0
DA:30,0
DA:32,0
DA:33,0
DA:35,0
DA:63,0
DA:73,0
LF:26
LH:13
BRDA:45,0,0,0
BRDA:45,0,1,1
BRDA:82,1,0,1
BRDA:90,2,0,0
BRDA:90,2,1,1
BRF:5
BRH:3
end_of_record
TN:
SF:pages\mlflow.tsx
FN:16,(anonymous_0)
FN:20,(anonymous_1)
FN:21,(anonymous_2)
FN:55,(anonymous_3)
FNF:4
FNH:0
FNDA:0,(anonymous_0)
FNDA:0,(anonymous_1)
FNDA:0,(anonymous_2)
FNDA:0,(anonymous_3)
DA:16,0
DA:17,0
DA:18,0
DA:20,0
DA:21,0
DA:22,0
DA:23,0
DA:26,0
DA:28,0
DA:29,0
DA:33,0
DA:36,0
DA:56,0
LF:13
LH:0
BRDA:36,0,0,0
BRDA:36,0,1,0
BRF:2
BRH:0
end_of_record
TN:
SF:pages\model-versions.tsx
FN:37,ModelVersionsPage
FN:48,(anonymous_1)
FN:49,(anonymous_2)
FN:111,(anonymous_3)
FNF:4
FNH:0
FNDA:0,ModelVersionsPage
FNDA:0,(anonymous_1)
FNDA:0,(anonymous_2)
FNDA:0,(anonymous_3)
DA:38,0
DA:39,0
DA:40,0
DA:48,0
DA:49,0
DA:50,0
DA:51,0
DA:52,0
DA:53,0
DA:54,0
DA:56,0
DA:57,0
DA:59,0
DA:63,0
DA:67,0
DA:76,0
DA:85,0
DA:112,0
LF:18
LH:0
BRDA:67,0,0,0
BRDA:67,0,1,0
BRDA:76,1,0,0
BRDA:76,1,1,0
BRDA:85,2,0,0
BRDA:85,2,1,0
BRF:6
BRH:0
end_of_record
TN:
SF:pages\patient-portal.tsx
FN:7,(anonymous_0)
FNF:1
FNH:0
FNDA:0,(anonymous_0)
DA:7,0
LF:1
LH:0
BRF:0
BRH:0
end_of_record
TN:
SF:pages\cases\[case_id].tsx
FN:8,(anonymous_0)
FN:15,(anonymous_1)
FN:17,(anonymous_2)
FN:48,(anonymous_3)
FNF:4
FNH:0
FNDA:0,(anonymous_0)
FNDA:0,(anonymous_1)
FNDA:0,(anonymous_2)
FNDA:0,(anonymous_3)
DA:8,0
DA:9,0
DA:10,0
DA:12,0
DA:13,0
DA:15,0
DA:16,0
DA:17,0
DA:18,0
DA:19,0
DA:20,0
DA:21,0
DA:23,0
DA:26,0
DA:49,0
LF:15
LH:0
BRDA:16,0,0,0
BRDA:16,0,1,0
BRDA:48,1,0,0
BRDA:47,2,0,0
BRDA:47,2,1,0
BRF:5
BRH:0
end_of_record
TN:
SF:pages\cases\create.tsx
FN:24,CreateCasePage
FN:41,(anonymous_1)
FN:77,(anonymous_2)
FN:90,(anonymous_3)
FN:102,(anonymous_4)
FNF:5
FNH:0
FNDA:0,CreateCasePage
FNDA:0,(anonymous_1)
FNDA:0,(anonymous_2)
FNDA:0,(anonymous_3)
FNDA:0,(anonymous_4)
DA:25,0
DA:26,0
DA:27,0
DA:28,0
DA:29,0
DA:30,0
DA:41,0
DA:42,0
DA:43,0
DA:44,0
DA:46,0
DA:47,0
DA:48,0
DA:53,0
DA:54,0
DA:56,0
DA:57,0
DA:59,0
DA:77,0
DA:90,0
DA:102,0
LF:21
LH:0
BRDA:111,0,0,0
BRDA:119,1,0,0
BRDA:119,1,1,0
BRF:3
BRH:0
end_of_record
TN:
SF:pages\cases\[case_id]\[id].tsx
FN:6,CaseDetailPage
FN:15,(anonymous_1)
FN:17,(anonymous_2)
FNF:3
FNH:0
FNDA:0,CaseDetailPage
FNDA:0,(anonymous_1)
FNDA:0,(anonymous_2)
DA:7,0
DA:8,0
DA:10,0
DA:11,0
DA:12,0
DA:13,0
DA:15,0
DA:16,0
DA:17,0
DA:18,0
DA:19,0
DA:20,0
DA:21,0
DA:23,0
DA:24,0
DA:26,0
DA:27,0
DA:30,0
DA:37,0
LF:19
LH:0
BRDA:16,0,0,0
BRDA:16,0,1,0
BRDA:34,1,0,0
BRDA:34,1,1,0
BRDA:35,2,0,0
BRDA:35,2,1,0
BRDA:37,3,0,0
BRDA:37,3,1,0
BRDA:37,4,0,0
BRDA:37,4,1,0
BRDA:67,5,0,0
BRDA:67,5,1,0
BRDA:74,6,0,0
BRF:13
BRH:0
end_of_record
TN:
SF:pages\mlflow\[run_uuid].tsx
FN:8,(anonymous_0)
FN:43,(anonymous_2)
FN:49,(anonymous_3)
FN:51,(anonymous_4)
FN:74,(anonymous_5)
FN:78,(anonymous_6)
FN:84,(anonymous_7)
FN:85,(anonymous_8)
FN:124,(anonymous_9)
FN:139,(anonymous_10)
FN:156,(anonymous_11)
FNF:11
FNH:0
FNDA:0,(anonymous_0)
FNDA:0,(anonymous_2)
FNDA:0,(anonymous_3)
FNDA:0,(anonymous_4)
FNDA:0,(anonymous_5)
FNDA:0,(anonymous_6)
FNDA:0,(anonymous_7)
FNDA:0,(anonymous_8)
FNDA:0,(anonymous_9)
FNDA:0,(anonymous_10)
FNDA:0,(anonymous_11)
DA:8,0
DA:43,0
DA:44,0
DA:45,0
DA:46,0
DA:47,0
DA:49,0
DA:50,0
DA:51,0
DA:52,0
DA:53,0
DA:56,0
DA:58,0
DA:59,0
DA:62,0
DA:66,0
DA:70,0
DA:74,0
DA:75,0
DA:78,0
DA:79,0
DA:80,0
DA:81,0
DA:84,0
DA:85,0
DA:87,0
DA:125,0
DA:140,0
DA:141,0
DA:157,0
LF:30
LH:0
BRDA:50,0,0,0
BRDA:50,0,1,0
BRDA:66,1,0,0
BRDA:66,1,1,0
BRDA:70,2,0,0
BRDA:70,2,1,0
BRDA:80,3,0,0
BRDA:80,3,1,0
BRDA:80,4,0,0
BRDA:80,4,1,0
BRDA:103,5,0,0
BRDA:103,5,1,0
BRDA:109,6,0,0
BRDA:109,6,1,0
BRDA:113,7,0,0
BRDA:135,8,0,0
BRDA:141,9,0,0
BRDA:141,9,1,0
BRDA:152,10,0,0
BRDA:158,11,0,0
BRDA:158,11,1,0
BRDA:158,12,0,0
BRDA:158,12,1,0
BRF:23
BRH:0
end_of_record
TN:
SF:src\components\AuthProviderWrapper.tsx
FN:5,(anonymous_0)
FN:5,(anonymous_1)
FNF:2
FNH:0
FNDA:0,(anonymous_0)
FNDA:0,(anonymous_1)
DA:5,0
LF:1
LH:0
BRF:0
BRH:0
end_of_record
TN:
SF:src\components\CasesList.tsx
FN:31,CasesList
FN:46,(anonymous_6)
FN:47,(anonymous_7)
FN:78,(anonymous_8)
FN:81,(anonymous_9)
FN:99,(anonymous_10)
FN:116,(anonymous_11)
FN:150,(anonymous_12)
FN:152,(anonymous_13)
FN:176,(anonymous_14)
FN:181,(anonymous_15)
FN:215,(anonymous_16)
FN:220,(anonymous_17)
FNF:13
FNH:10
FNDA:6,CasesList
FNDA:3,(anonymous_6)
FNDA:3,(anonymous_7)
FNDA:4,(anonymous_8)
FNDA:1,(anonymous_9)
FNDA:10,(anonymous_10)
FNDA:0,(anonymous_11)
FNDA:0,(anonymous_12)
FNDA:20,(anonymous_13)
FNDA:20,(anonymous_14)
FNDA:0,(anonymous_15)
FNDA:2,(anonymous_16)
FNDA:10,(anonymous_17)
DA:3,1
DA:4,1
DA:5,1
DA:6,1
DA:16,1
DA:24,1
DA:31,3
DA:32,6
DA:33,5
DA:34,5
DA:35,5
DA:37,5
DA:44,5
DA:46,5
DA:47,3
DA:48,3
DA:49,3
DA:50,3
DA:51,3
DA:52,3
DA:53,3
DA:58,3
DA:59,0
DA:61,3
DA:63,3
DA:66,2
DA:68,1
DA:69,1
DA:71,3
DA:75,3
DA:78,5
DA:81,4
DA:82,1
DA:83,1
DA:85,1
DA:86,1
DA:89,0
DA:90,0
DA:94,0
DA:96,4
DA:99,5
DA:100,10
DA:102,10
DA:104,2
DA:112,6
DA:116,5
DA:117,0
DA:118,0
DA:124,0
DA:150,0
DA:153,20
DA:177,20
DA:182,0
DA:216,2
DA:221,10
LF:55
LH:46
BRDA:51,0,0,3
BRDA:51,0,1,0
BRDA:55,1,0,0
BRDA:55,1,1,3
BRDA:58,2,0,0
BRDA:58,2,1,3
BRDA:85,3,0,1
BRDA:85,3,1,0
BRDA:85,4,0,1
BRDA:85,4,1,1
BRDA:86,5,0,0
BRDA:86,5,1,1
BRDA:89,6,0,0
BRDA:89,6,1,0
BRDA:89,7,0,0
BRDA:89,7,1,0
BRDA:90,8,0,0
BRDA:90,8,1,0
BRDA:102,9,0,2
BRDA:102,9,1,6
BRDA:117,10,0,0
BRDA:117,10,1,0
BRDA:121,11,0,0
BRDA:121,11,1,0
BRDA:168,12,0,1
BRDA:182,13,0,0
BRDA:182,13,1,0
BRDA:186,14,0,20
BRDA:188,15,0,0
BRDA:188,15,1,4
BRDA:196,16,0,3
BRDA:196,16,1,1
BRDA:205,17,0,0
BRDA:205,17,1,1
BRF:34
BRH:15
end_of_record
TN:
SF:src\components\FLChart.tsx
FN:32,FLChart
FNF:1
FNH:0
FNDA:0,FLChart
DA:16,0
LF:1
LH:0
BRF:0
BRH:0
end_of_record
TN:
SF:src\components\ReportsList.tsx
FN:35,(anonymous_0)
FN:50,(anonymous_1)
FN:51,(anonymous_2)
FN:104,(anonymous_3)
FN:118,(anonymous_4)
FN:131,(anonymous_5)
FN:147,(anonymous_6)
FNF:7
FNH:0
FNDA:0,(anonymous_0)
FNDA:0,(anonymous_1)
FNDA:0,(anonymous_2)
FNDA:0,(anonymous_3)
FNDA:0,(anonymous_4)
FNDA:0,(anonymous_5)
FNDA:0,(anonymous_6)
DA:35,0
DA:36,0
DA:37,0
DA:38,0
DA:39,0
DA:40,0
DA:41,0
DA:50,0
DA:51,0
DA:52,0
DA:53,0
DA:54,0
DA:55,0
DA:58,0
DA:59,0
DA:62,0
DA:63,0
DA:66,0
DA:67,0
DA:70,0
DA:71,0
DA:72,0
DA:74,0
DA:75,0
DA:77,0
DA:81,0
DA:85,0
DA:90,0
DA:104,0
DA:118,0
DA:131,0
DA:148,0
LF:32
LH:0
BRDA:62,0,0,0
BRDA:62,0,1,0
BRDA:66,1,0,0
BRDA:66,1,1,0
BRDA:85,2,0,0
BRDA:85,2,1,0
BRDA:90,3,0,0
BRDA:90,3,1,0
BRDA:142,4,0,0
BRDA:151,5,0,0
BRDA:151,5,1,0
BRF:11
BRH:0
end_of_record
TN:
SF:src\components\ThemeSwitcher.tsx
FN:6,(anonymous_0)
FN:10,(anonymous_1)
FN:18,(anonymous_2)
FNF:3
FNH:0
FNDA:0,(anonymous_0)
FNDA:0,(anonymous_1)
FNDA:0,(anonymous_2)
DA:6,0
DA:7,0
DA:8,0
DA:10,0
DA:11,0
DA:14,0
DA:15,0
DA:18,0
DA:19,0
LF:9
LH:0
BRDA:14,0,0,0
BRDA:14,0,1,0
BRDA:19,1,0,0
BRDA:19,1,1,0
BRDA:28,2,0,0
BRDA:28,2,1,0
BRF:6
BRH:0
end_of_record
TN:
SF:src\context\AuthContext.tsx
FN:40,(anonymous_0)
FN:54,(anonymous_1)
FN:55,(anonymous_2)
FN:73,(anonymous_3)
FN:87,(anonymous_4)
FN:97,(anonymous_5)
FN:118,(anonymous_6)
FNF:7
FNH:0
FNDA:0,(anonymous_0)
FNDA:0,(anonymous_1)
FNDA:0,(anonymous_2)
FNDA:0,(anonymous_3)
FNDA:0,(anonymous_4)
FNDA:0,(anonymous_5)
FNDA:0,(anonymous_6)
DA:26,0
DA:40,0
DA:41,0
DA:42,0
DA:43,0
DA:44,0
DA:54,0
DA:55,0
DA:56,0
DA:57,0
DA:58,0
DA:60,0
DA:62,0
DA:64,0
DA:73,0
DA:74,0
DA:76,0
DA:77,0
DA:87,0
DA:88,0
DA:89,0
DA:97,0
DA:98,0
DA:99,0
DA:100,0
DA:118,0
DA:119,0
DA:120,0
DA:121,0
DA:123,0
LF:30
LH:0
BRDA:57,0,0,0
BRDA:57,0,1,0
BRDA:74,1,0,0
BRDA:74,1,1,0
BRDA:76,2,0,0
BRDA:76,2,1,0
BRDA:76,3,0,0
BRDA:76,3,1,0
BRDA:76,3,2,0
BRDA:120,4,0,0
BRDA:120,4,1,0
BRF:11
BRH:0
end_of_record
TN:
SF:src\services\api.ts
FN:35,(anonymous_4)
FN:42,(anonymous_5)
FNF:2
FNH:0
FNDA:0,(anonymous_4)
FNDA:0,(anonymous_5)
DA:8,1
DA:11,1
DA:18,1
DA:33,1
DA:34,1
DA:36,0
DA:37,0
DA:38,0
DA:40,0
DA:43,0
DA:48,1
LF:11
LH:6
BRDA:11,0,0,1
BRDA:11,0,1,1
BRDA:33,1,0,1
BRDA:33,1,1,0
BRDA:37,2,0,0
BRDA:37,2,1,0
BRF:6
BRH:3
end_of_record
TN:
SF:src\store\poc.ts
FN:8,(anonymous_0)
FN:10,(anonymous_1)
FNF:2
FNH:0
FNDA:0,(anonymous_0)
FNDA:0,(anonymous_1)
DA:8,0
DA:10,0
LF:2
LH:0
BRF:0
BRH:0
end_of_record
